TN:
SF:src/App.tsx
FN:17,PrivateRoute
FN:22,App
FNF:2
FNH:2
FNDA:90,PrivateRoute
FNDA:66,App
DA:18,90
DA:19,90
DA:20,33
DA:23,66
DA:75,33
DA:77,66
LF:6
LH:6
BRDA:19,0,0,90
BRDA:19,0,1,0
BRF:2
BRH:1
end_of_record
TN:
SF:src/main.tsx
FNF:0
FNH:0
DA:6,33
LF:1
LH:1
BRF:0
BRH:0
end_of_record
TN:
SF:src/components/Navbar.tsx
FN:4,Navbar
FN:9,(anonymous_1)
FN:4,(anonymous_2)
FNF:3
FNH:3
FNDA:122,Navbar
FNDA:1,(anonymous_1)
FNDA:33,(anonymous_2)
DA:4,122
DA:5,122
DA:6,122
DA:7,122
DA:9,122
DA:10,1
DA:11,1
DA:14,122
DA:58,33
DA:60,33
LF:10
LH:10
BRDA:23,0,0,90
BRDA:23,0,1,32
BRDA:28,1,0,34
BRDA:28,1,1,56
BRDA:28,2,0,90
BRDA:28,2,1,90
BRF:6
BRH:6
end_of_record
TN:
SF:src/components/SessionCard.tsx
FN:10,(anonymous_0)
FN:32,(anonymous_1)
FNF:2
FNH:1
FNDA:50,(anonymous_0)
FNDA:0,(anonymous_1)
DA:10,33
DA:11,50
DA:12,50
DA:32,0
DA:41,33
DA:43,33
LF:6
LH:5
BRDA:30,0,0,50
BRDA:30,0,1,18
BRF:2
BRH:2
end_of_record
TN:
SF:src/hooks/useParticipation.ts
FN:9,(anonymous_0)
FN:14,(anonymous_1)
FN:24,(anonymous_2)
FNF:3
FNH:3
FNDA:68,(anonymous_0)
FNDA:2,(anonymous_1)
FNDA:2,(anonymous_2)
DA:9,33
DA:14,68
DA:15,2
DA:16,2
DA:17,1
DA:19,1
DA:20,1
DA:24,68
DA:25,2
DA:26,2
DA:27,1
DA:29,1
DA:30,1
DA:34,68
LF:14
LH:14
BRF:0
BRH:0
end_of_record
TN:
SF:src/hooks/useSession.ts
FN:5,(anonymous_0)
FN:12,(anonymous_1)
FN:16,(anonymous_2)
FN:21,(anonymous_3)
FN:44,(anonymous_4)
FN:61,(anonymous_5)
FNF:6
FNH:6
FNDA:218,(anonymous_0)
FNDA:70,(anonymous_1)
FNDA:52,(anonymous_2)
FNDA:72,(anonymous_3)
FNDA:1,(anonymous_4)
FNDA:2,(anonymous_5)
DA:5,33
DA:6,218
DA:7,218
DA:8,218
DA:10,218
DA:12,218
DA:13,70
DA:14,70
DA:16,70
DA:17,52
DA:21,218
DA:22,72
DA:23,72
DA:25,72
DA:26,72
DA:27,72
DA:31,37
DA:35,35
DA:36,0
DA:37,0
DA:40,72
DA:44,218
DA:48,1
DA:49,1
DA:50,1
DA:51,0
DA:52,0
DA:54,1
DA:57,0
DA:61,218
DA:62,2
DA:63,2
DA:66,218
LF:33
LH:28
BRDA:23,0,0,22
BRDA:32,1,0,25
BRDA:32,1,1,12
BRDA:35,2,0,0
BRDA:50,3,0,0
BRDA:50,3,1,1
BRF:6
BRH:4
end_of_record
TN:
SF:src/pages/Login.tsx
FN:5,Login
FN:12,(anonymous_1)
FN:58,(anonymous_2)
FN:75,(anonymous_3)
FN:5,(anonymous_4)
FNF:5
FNH:5
FNDA:448,Login
FNDA:9,(anonymous_1)
FNDA:122,(anonymous_2)
FNDA:77,(anonymous_3)
FNDA:12,(anonymous_4)
DA:5,448
DA:6,448
DA:7,448
DA:8,448
DA:9,448
DA:10,448
DA:12,448
DA:15,9
DA:16,9
DA:17,9
DA:19,9
DA:20,9
DA:21,5
DA:23,4
DA:24,4
DA:25,4
DA:27,4
DA:29,9
DA:33,448
DA:58,122
DA:75,77
DA:102,33
DA:104,33
LF:23
LH:23
BRDA:24,0,0,4
BRDA:40,1,0,448
BRDA:40,1,1,8
BRDA:86,2,0,18
BRDA:86,2,1,430
BRF:5
BRH:5
end_of_record
TN:
SF:src/pages/Profile.tsx
FN:7,Profile
FN:17,(anonymous_1)
FN:23,(anonymous_2)
FN:38,(anonymous_3)
FN:59,(anonymous_4)
FN:173,(anonymous_5)
FN:7,(anonymous_6)
FNF:7
FNH:6
FNDA:38,Profile
FNDA:10,(anonymous_1)
FNDA:10,(anonymous_2)
FNDA:2,(anonymous_3)
FNDA:2,(anonymous_4)
FNDA:0,(anonymous_5)
FNDA:5,(anonymous_6)
DA:7,38
DA:8,38
DA:9,38
DA:10,38
DA:11,38
DA:12,38
DA:13,38
DA:14,38
DA:15,38
DA:17,38
DA:18,10
DA:19,10
DA:23,38
DA:24,10
DA:25,10
DA:26,10
DA:27,10
DA:28,10
DA:30,0
DA:31,0
DA:33,10
DA:38,38
DA:39,2
DA:40,2
DA:45,0
DA:48,2
DA:49,2
DA:50,2
DA:51,2
DA:53,0
DA:54,0
DA:59,38
DA:60,2
DA:61,2
DA:62,2
DA:63,2
DA:64,2
DA:65,2
DA:67,0
DA:68,0
DA:70,2
DA:74,38
DA:75,10
DA:82,28
DA:83,0
DA:92,28
DA:94,28
DA:102,28
DA:112,28
DA:173,0
DA:189,33
DA:191,33
LF:52
LH:43
BRDA:18,0,0,10
BRDA:24,1,0,10
BRDA:39,2,0,2
BRDA:40,3,0,0
BRDA:74,4,0,10
BRDA:82,5,0,0
BRDA:82,6,0,28
BRDA:82,6,1,28
BRDA:86,7,0,0
BRDA:86,7,1,0
BRDA:94,8,0,24
BRDA:94,8,1,4
BRDA:102,9,0,4
BRDA:102,9,1,24
BRDA:145,10,0,28
BRDA:145,10,1,28
BRDA:145,10,2,24
BRDA:152,11,0,4
BRDA:152,11,1,20
BRDA:154,12,0,24
BRDA:154,12,1,0
BRF:21
BRH:16
end_of_record
TN:
SF:src/pages/Register.tsx
FN:6,Register
FN:17,(anonymous_1)
FN:26,(anonymous_2)
FN:6,(anonymous_3)
FNF:4
FNH:4
FNDA:288,Register
FNDA:134,(anonymous_1)
FNDA:4,(anonymous_2)
FNDA:4,(anonymous_3)
DA:6,288
DA:7,288
DA:8,288
DA:14,288
DA:15,288
DA:17,288
DA:18,134
DA:19,134
DA:26,288
DA:27,4
DA:28,4
DA:29,4
DA:31,4
DA:32,4
DA:33,2
DA:35,2
DA:36,2
DA:37,2
DA:39,2
DA:41,4
DA:45,288
DA:150,33
DA:152,33
LF:23
LH:23
BRDA:18,0,0,134
BRDA:36,1,0,2
BRDA:52,2,0,288
BRDA:52,2,1,4
BRDA:137,3,0,8
BRDA:137,3,1,280
BRF:6
BRH:6
end_of_record
TN:
SF:src/pages/SessionDetail.tsx
FN:6,SessionDetail
FN:27,(anonymous_1)
FN:32,(anonymous_2)
FN:107,(anonymous_3)
FN:113,(anonymous_4)
FN:129,(anonymous_5)
FN:6,(anonymous_6)
FNF:7
FNH:7
FNDA:68,SessionDetail
FNDA:1,(anonymous_1)
FNDA:1,(anonymous_2)
FNDA:2,(anonymous_3)
FNDA:1,(anonymous_4)
FNDA:1,(anonymous_5)
FNDA:10,(anonymous_6)
DA:6,68
DA:7,68
DA:8,68
DA:10,68
DA:12,68
DA:15,68
DA:16,68
DA:22,68
DA:23,0
DA:24,0
DA:27,68
DA:28,1
DA:29,0
DA:32,1
DA:35,68
DA:36,24
DA:43,44
DA:44,20
DA:53,24
DA:54,24
DA:55,24
DA:56,24
DA:60,24
DA:67,24
DA:107,2
DA:113,1
DA:129,1
DA:139,33
DA:141,33
LF:29
LH:26
BRDA:12,0,0,68
BRDA:12,0,1,0
BRDA:22,1,0,0
BRDA:22,2,0,68
BRDA:22,2,1,68
BRDA:28,3,0,0
BRDA:35,4,0,24
BRDA:43,5,0,20
BRDA:43,6,0,44
BRDA:43,6,1,44
BRDA:47,7,0,20
BRDA:47,7,1,20
BRDA:54,8,0,6
BRDA:54,8,1,18
BRDA:55,9,0,6
BRDA:55,9,1,18
BRDA:56,10,0,6
BRDA:56,10,1,18
BRDA:104,11,0,6
BRDA:104,11,1,18
BRF:20
BRH:17
end_of_record
TN:
SF:src/pages/SessionForm.tsx
FN:7,SessionForm
FN:24,(anonymous_1)
FN:30,(anonymous_2)
FN:37,(anonymous_3)
FN:46,(anonymous_4)
FN:62,(anonymous_5)
FN:75,(anonymous_6)
FN:155,(anonymous_7)
FN:191,(anonymous_8)
FN:7,(anonymous_9)
FNF:10
FNH:9
FNDA:196,SessionForm
FNDA:103,(anonymous_1)
FNDA:10,(anonymous_2)
FNDA:10,(anonymous_3)
FNDA:4,(anonymous_4)
FNDA:77,(anonymous_5)
FNDA:2,(anonymous_6)
FNDA:466,(anonymous_7)
FNDA:0,(anonymous_8)
FNDA:5,(anonymous_9)
DA:7,196
DA:8,196
DA:9,196
DA:10,196
DA:12,196
DA:18,196
DA:19,196
DA:20,196
DA:21,196
DA:24,196
DA:25,103
DA:26,0
DA:30,196
DA:31,10
DA:32,10
DA:33,4
DA:37,196
DA:38,10
DA:39,10
DA:40,10
DA:42,0
DA:46,196
DA:47,4
DA:48,4
DA:49,4
DA:50,4
DA:57,0
DA:58,0
DA:62,196
DA:68,77
DA:69,77
DA:75,196
DA:78,2
DA:79,2
DA:80,2
DA:82,2
DA:83,2
DA:84,1
DA:86,1
DA:88,2
DA:90,0
DA:91,0
DA:92,0
DA:94,0
DA:96,2
DA:100,196
DA:156,466
DA:191,0
DA:202,33
DA:204,33
LF:50
LH:41
BRDA:25,0,0,0
BRDA:25,1,0,103
BRDA:25,1,1,103
BRDA:32,2,0,4
BRDA:68,3,0,1
BRDA:68,3,1,76
BRDA:83,4,0,1
BRDA:83,4,1,1
BRDA:91,5,0,0
BRDA:105,6,0,102
BRDA:105,6,1,94
BRDA:108,7,0,0
BRDA:108,7,1,196
BRDA:183,8,0,4
BRDA:183,8,1,192
BRDA:185,9,0,100
BRDA:185,9,1,92
BRF:17
BRH:14
end_of_record
TN:
SF:src/pages/Sessions.tsx
FN:7,Sessions
FN:11,(anonymous_1)
FN:55,(anonymous_2)
FN:7,(anonymous_3)
FNF:4
FNH:3
FNDA:150,Sessions
FNDA:0,(anonymous_1)
FNDA:50,(anonymous_2)
FNDA:22,(anonymous_3)
DA:7,150
DA:8,150
DA:9,150
DA:11,150
DA:12,0
DA:13,0
DA:15,0
DA:18,150
DA:20,150
DA:21,50
DA:28,100
DA:29,0
DA:38,100
DA:56,50
DA:72,33
DA:74,33
LF:16
LH:12
BRDA:12,0,0,0
BRDA:20,1,0,50
BRDA:28,2,0,0
BRDA:43,3,0,100
BRDA:43,3,1,36
BRDA:53,4,0,48
BRDA:53,4,1,52
BRF:7
BRH:5
end_of_record
TN:
SF:src/services/api.ts
FN:12,(anonymous_0)
FN:19,(anonymous_1)
FNF:2
FNH:1
FNDA:120,(anonymous_0)
FNDA:0,(anonymous_1)
DA:4,33
DA:11,33
DA:13,120
DA:14,120
DA:15,107
DA:17,120
DA:20,0
LF:7
LH:6
BRDA:14,0,0,107
BRF:1
BRH:1
end_of_record
TN:
SF:src/services/auth.service.ts
FN:5,(anonymous_0)
FN:14,(anonymous_1)
FN:23,(anonymous_2)
FN:28,(anonymous_3)
FN:36,(anonymous_4)
FN:47,(anonymous_5)
FN:51,(anonymous_6)
FNF:7
FNH:7
FNDA:9,(anonymous_0)
FNDA:4,(anonymous_1)
FNDA:3,(anonymous_2)
FNDA:574,(anonymous_3)
FNDA:2,(anonymous_4)
FNDA:120,(anonymous_5)
FNDA:212,(anonymous_6)
DA:4,33
DA:6,9
DA:7,5
DA:8,5
DA:9,5
DA:11,5
DA:15,4
DA:16,2
DA:17,2
DA:18,2
DA:20,2
DA:24,3
DA:25,3
DA:29,574
DA:30,574
DA:31,542
DA:33,32
DA:37,2
DA:38,2
DA:39,0
DA:41,2
DA:42,2
DA:43,2
DA:44,2
DA:48,120
DA:52,212
LF:26
LH:25
BRDA:7,0,0,5
BRDA:16,1,0,2
BRDA:30,2,0,542
BRDA:38,3,0,0
BRF:4
BRH:3
end_of_record
