{
  "/home/titi/projects/formation/projet4/DFSJS-Testez-et-am-liorez-une-application-full-stack-JavaScript/frontend/src/services/api.ts": {
    "path": "/home/titi/projects/formation/projet4/DFSJS-Testez-et-am-liorez-une-application-full-stack-JavaScript/frontend/src/services/api.ts",
    "statementMap": {
      "0": {
        "start": {
          "line": 3,
          "column": 12
        },
        "end": {
          "line": 8,
          "column": 2
        }
      },
      "1": {
        "start": {
          "line": 9,
          "column": 0
        },
        "end": {
          "line": 20,
          "column": 2
        }
      },
      "2": {
        "start": {
          "line": 11,
          "column": 24
        },
        "end": {
          "line": 11,
          "column": 46
        }
      },
      "3": {
        "start": {
          "line": 12,
          "column": 4
        },
        "end": {
          "line": 14,
          "column": 5
        }
      },
      "4": {
        "start": {
          "line": 13,
          "column": 6
        },
        "end": {
          "line": 13,
          "column": 65
        }
      },
      "5": {
        "start": {
          "line": 15,
          "column": 4
        },
        "end": {
          "line": 15,
          "column": 19
        }
      },
      "6": {
        "start": {
          "line": 18,
          "column": 4
        },
        "end": {
          "line": 18,
          "column": 33
        }
      }
    },
    "fnMap": {
      "0": {
        "name": "(anonymous_0)",
        "decl": {
          "start": {
            "line": 10,
            "column": 2
          },
          "end": {
            "line": 10,
            "column": 3
          }
        },
        "loc": {
          "start": {
            "line": 10,
            "column": 15
          },
          "end": {
            "line": 16,
            "column": 3
          }
        },
        "line": 10
      },
      "1": {
        "name": "(anonymous_1)",
        "decl": {
          "start": {
            "line": 17,
            "column": 2
          },
          "end": {
            "line": 17,
            "column": 3
          }
        },
        "loc": {
          "start": {
            "line": 17,
            "column": 13
          },
          "end": {
            "line": 19,
            "column": 3
          }
        },
        "line": 17
      }
    },
    "branchMap": {
      "0": {
        "loc": {
          "start": {
            "line": 12,
            "column": 4
          },
          "end": {
            "line": 14,
            "column": 5
          }
        },
        "type": "if",
        "locations": [
          {
            "start": {
              "line": 12,
              "column": 4
            },
            "end": {
              "line": 14,
              "column": 5
            }
          },
          {
            "start": {},
            "end": {}
          }
        ],
        "line": 12
      }
    },
    "s": {
      "0": 33,
      "1": 33,
      "2": 120,
      "3": 120,
      "4": 107,
      "5": 120,
      "6": 0
    },
    "f": {
      "0": 120,
      "1": 0
    },
    "b": {
      "0": [
        107,
        13
      ]
    },
    "inputSourceMap": {
      "version": 3,
      "sources": [
        "/home/titi/projects/formation/projet4/DFSJS-Testez-et-am-liorez-une-application-full-stack-JavaScript/frontend/src/services/api.ts"
      ],
      "mappings": "AAAA,OAAO,WAAW;AAClB,SAAS,mBAAmB;AAE5B,MAAM,MAAM,MAAM,OAAO;AAAA,EACvB,SAAS;AAAA,EACT,SAAS;AAAA,IACP,gBAAgB;AAAA,EAClB;AACF,CAAC;AAED,IAAI,aAAa,QAAQ;AAAA,EACvB,CAAC,YAAY;AACX,UAAM,cAAc,YAAY,SAAS;AACzC,QAAI,aAAa;AACf,cAAQ,QAAQ,eAAe,IAAI,UAAU,WAAW;AAAA,IAC1D;AACA,WAAO;AAAA,EACT;AAAA,EACA,CAAC,UAAU;AACT,WAAO,QAAQ,OAAO,KAAK;AAAA,EAC7B;AACF;AAEA,eAAe;",
      "names": []
    },
    "_coverageSchema": "1a1c01bbd47fc00a2c39e90264f33305004495a9",
    "hash": "a099f354deef0963e6776bd4aba3520d9e680c32"
  },
  "/home/titi/projects/formation/projet4/DFSJS-Testez-et-am-liorez-une-application-full-stack-JavaScript/frontend/src/services/auth.service.ts": {
    "path": "/home/titi/projects/formation/projet4/DFSJS-Testez-et-am-liorez-une-application-full-stack-JavaScript/frontend/src/services/auth.service.ts",
    "statementMap": {
      "0": {
        "start": {
          "line": 2,
          "column": 27
        },
        "end": {
          "line": 46,
          "column": 1
        }
      },
      "1": {
        "start": {
          "line": 4,
          "column": 21
        },
        "end": {
          "line": 4,
          "column": 63
        }
      },
      "2": {
        "start": {
          "line": 5,
          "column": 4
        },
        "end": {
          "line": 8,
          "column": 5
        }
      },
      "3": {
        "start": {
          "line": 6,
          "column": 6
        },
        "end": {
          "line": 6,
          "column": 57
        }
      },
      "4": {
        "start": {
          "line": 7,
          "column": 6
        },
        "end": {
          "line": 7,
          "column": 66
        }
      },
      "5": {
        "start": {
          "line": 9,
          "column": 4
        },
        "end": {
          "line": 9,
          "column": 25
        }
      },
      "6": {
        "start": {
          "line": 12,
          "column": 21
        },
        "end": {
          "line": 12,
          "column": 59
        }
      },
      "7": {
        "start": {
          "line": 13,
          "column": 4
        },
        "end": {
          "line": 16,
          "column": 5
        }
      },
      "8": {
        "start": {
          "line": 14,
          "column": 6
        },
        "end": {
          "line": 14,
          "column": 57
        }
      },
      "9": {
        "start": {
          "line": 15,
          "column": 6
        },
        "end": {
          "line": 15,
          "column": 66
        }
      },
      "10": {
        "start": {
          "line": 17,
          "column": 4
        },
        "end": {
          "line": 17,
          "column": 25
        }
      },
      "11": {
        "start": {
          "line": 20,
          "column": 4
        },
        "end": {
          "line": 20,
          "column": 37
        }
      },
      "12": {
        "start": {
          "line": 21,
          "column": 4
        },
        "end": {
          "line": 21,
          "column": 36
        }
      },
      "13": {
        "start": {
          "line": 24,
          "column": 20
        },
        "end": {
          "line": 24,
          "column": 48
        }
      },
      "14": {
        "start": {
          "line": 25,
          "column": 4
        },
        "end": {
          "line": 27,
          "column": 5
        }
      },
      "15": {
        "start": {
          "line": 26,
          "column": 6
        },
        "end": {
          "line": 26,
          "column": 33
        }
      },
      "16": {
        "start": {
          "line": 28,
          "column": 4
        },
        "end": {
          "line": 28,
          "column": 16
        }
      },
      "17": {
        "start": {
          "line": 31,
          "column": 20
        },
        "end": {
          "line": 31,
          "column": 48
        }
      },
      "18": {
        "start": {
          "line": 32,
          "column": 4
        },
        "end": {
          "line": 34,
          "column": 5
        }
      },
      "19": {
        "start": {
          "line": 33,
          "column": 6
        },
        "end": {
          "line": 33,
          "column": 18
        }
      },
      "20": {
        "start": {
          "line": 35,
          "column": 21
        },
        "end": {
          "line": 35,
          "column": 40
        }
      },
      "21": {
        "start": {
          "line": 36,
          "column": 21
        },
        "end": {
          "line": 36,
          "column": 48
        }
      },
      "22": {
        "start": {
          "line": 37,
          "column": 4
        },
        "end": {
          "line": 37,
          "column": 59
        }
      },
      "23": {
        "start": {
          "line": 38,
          "column": 4
        },
        "end": {
          "line": 38,
          "column": 20
        }
      },
      "24": {
        "start": {
          "line": 41,
          "column": 4
        },
        "end": {
          "line": 41,
          "column": 41
        }
      },
      "25": {
        "start": {
          "line": 44,
          "column": 4
        },
        "end": {
          "line": 44,
          "column": 43
        }
      }
    },
    "fnMap": {
      "0": {
        "name": "(anonymous_0)",
        "decl": {
          "start": {
            "line": 3,
            "column": 9
          },
          "end": {
            "line": 3,
            "column": 10
          }
        },
        "loc": {
          "start": {
            "line": 3,
            "column": 32
          },
          "end": {
            "line": 10,
            "column": 3
          }
        },
        "line": 3
      },
      "1": {
        "name": "(anonymous_1)",
        "decl": {
          "start": {
            "line": 11,
            "column": 12
          },
          "end": {
            "line": 11,
            "column": 13
          }
        },
        "loc": {
          "start": {
            "line": 11,
            "column": 28
          },
          "end": {
            "line": 18,
            "column": 3
          }
        },
        "line": 11
      },
      "2": {
        "name": "(anonymous_2)",
        "decl": {
          "start": {
            "line": 19,
            "column": 10
          },
          "end": {
            "line": 19,
            "column": 11
          }
        },
        "loc": {
          "start": {
            "line": 19,
            "column": 16
          },
          "end": {
            "line": 22,
            "column": 3
          }
        },
        "line": 19
      },
      "3": {
        "name": "(anonymous_3)",
        "decl": {
          "start": {
            "line": 23,
            "column": 18
          },
          "end": {
            "line": 23,
            "column": 19
          }
        },
        "loc": {
          "start": {
            "line": 23,
            "column": 24
          },
          "end": {
            "line": 29,
            "column": 3
          }
        },
        "line": 23
      },
      "4": {
        "name": "(anonymous_4)",
        "decl": {
          "start": {
            "line": 30,
            "column": 21
          },
          "end": {
            "line": 30,
            "column": 22
          }
        },
        "loc": {
          "start": {
            "line": 30,
            "column": 34
          },
          "end": {
            "line": 39,
            "column": 3
          }
        },
        "line": 30
      },
      "5": {
        "name": "(anonymous_5)",
        "decl": {
          "start": {
            "line": 40,
            "column": 12
          },
          "end": {
            "line": 40,
            "column": 13
          }
        },
        "loc": {
          "start": {
            "line": 40,
            "column": 18
          },
          "end": {
            "line": 42,
            "column": 3
          }
        },
        "line": 40
      },
      "6": {
        "name": "(anonymous_6)",
        "decl": {
          "start": {
            "line": 43,
            "column": 19
          },
          "end": {
            "line": 43,
            "column": 20
          }
        },
        "loc": {
          "start": {
            "line": 43,
            "column": 25
          },
          "end": {
            "line": 45,
            "column": 3
          }
        },
        "line": 43
      }
    },
    "branchMap": {
      "0": {
        "loc": {
          "start": {
            "line": 5,
            "column": 4
          },
          "end": {
            "line": 8,
            "column": 5
          }
        },
        "type": "if",
        "locations": [
          {
            "start": {
              "line": 5,
              "column": 4
            },
            "end": {
              "line": 8,
              "column": 5
            }
          },
          {
            "start": {},
            "end": {}
          }
        ],
        "line": 5
      },
      "1": {
        "loc": {
          "start": {
            "line": 13,
            "column": 4
          },
          "end": {
            "line": 16,
            "column": 5
          }
        },
        "type": "if",
        "locations": [
          {
            "start": {
              "line": 13,
              "column": 4
            },
            "end": {
              "line": 16,
              "column": 5
            }
          },
          {
            "start": {},
            "end": {}
          }
        ],
        "line": 13
      },
      "2": {
        "loc": {
          "start": {
            "line": 25,
            "column": 4
          },
          "end": {
            "line": 27,
            "column": 5
          }
        },
        "type": "if",
        "locations": [
          {
            "start": {
              "line": 25,
              "column": 4
            },
            "end": {
              "line": 27,
              "column": 5
            }
          },
          {
            "start": {},
            "end": {}
          }
        ],
        "line": 25
      },
      "3": {
        "loc": {
          "start": {
            "line": 32,
            "column": 4
          },
          "end": {
            "line": 34,
            "column": 5
          }
        },
        "type": "if",
        "locations": [
          {
            "start": {
              "line": 32,
              "column": 4
            },
            "end": {
              "line": 34,
              "column": 5
            }
          },
          {
            "start": {},
            "end": {}
          }
        ],
        "line": 32
      }
    },
    "s": {
      "0": 33,
      "1": 9,
      "2": 5,
      "3": 5,
      "4": 5,
      "5": 5,
      "6": 4,
      "7": 2,
      "8": 2,
      "9": 2,
      "10": 2,
      "11": 3,
      "12": 3,
      "13": 574,
      "14": 574,
      "15": 542,
      "16": 32,
      "17": 2,
      "18": 2,
      "19": 0,
      "20": 2,
      "21": 2,
      "22": 2,
      "23": 2,
      "24": 120,
      "25": 212
    },
    "f": {
      "0": 9,
      "1": 4,
      "2": 3,
      "3": 574,
      "4": 2,
      "5": 120,
      "6": 212
    },
    "b": {
      "0": [
        5,
        0
      ],
      "1": [
        2,
        0
      ],
      "2": [
        542,
        32
      ],
      "3": [
        0,
        2
      ]
    },
    "inputSourceMap": {
      "version": 3,
      "sources": [
        "/home/titi/projects/formation/projet4/DFSJS-Testez-et-am-liorez-une-application-full-stack-JavaScript/frontend/src/services/auth.service.ts"
      ],
      "mappings": "AAAA,OAAO,SAAS;AAGT,aAAM,cAAc;AAAA,EACzB,OAAO,OAAO,gBAAiD;AAC7D,UAAM,WAAW,MAAM,IAAI,KAAmB,eAAe,WAAW;AACxE,QAAI,SAAS,KAAK,OAAO;AACvB,mBAAa,QAAQ,SAAS,SAAS,KAAK,KAAK;AACjD,mBAAa,QAAQ,QAAQ,KAAK,UAAU,SAAS,IAAI,CAAC;AAAA,IAC5D;AACA,WAAO,SAAS;AAAA,EAClB;AAAA,EAEA,UAAU,OAAO,SAAsC;AACrD,UAAM,WAAW,MAAM,IAAI,KAAmB,kBAAkB,IAAI;AACpE,QAAI,SAAS,KAAK,OAAO;AACvB,mBAAa,QAAQ,SAAS,SAAS,KAAK,KAAK;AACjD,mBAAa,QAAQ,QAAQ,KAAK,UAAU,SAAS,IAAI,CAAC;AAAA,IAC5D;AACA,WAAO,SAAS;AAAA,EAClB;AAAA,EAEA,QAAQ,MAAM;AACZ,iBAAa,WAAW,OAAO;AAC/B,iBAAa,WAAW,MAAM;AAAA,EAChC;AAAA,EAEA,gBAAgB,MAAmB;AACjC,UAAM,UAAU,aAAa,QAAQ,MAAM;AAC3C,QAAI,SAAS;AACX,aAAO,KAAK,MAAM,OAAO;AAAA,IAC3B;AACA,WAAO;AAAA,EACT;AAAA,EAEA,mBAAmB,CAAC,YAAwD;AAC1E,UAAM,UAAU,aAAa,QAAQ,MAAM;AAC3C,QAAI,CAAC,SAAS;AACZ,aAAO;AAAA,IACT;AACA,UAAM,WAAW,KAAK,MAAM,OAAO;AACnC,UAAM,WAAW,EAAE,GAAG,UAAU,GAAG,QAAQ;AAC3C,iBAAa,QAAQ,QAAQ,KAAK,UAAU,QAAQ,CAAC;AACrD,WAAO;AAAA,EACT;AAAA,EAEA,UAAU,MAAqB;AAC7B,WAAO,aAAa,QAAQ,OAAO;AAAA,EACrC;AAAA,EAEA,iBAAiB,MAAe;AAC9B,WAAO,CAAC,CAAC,aAAa,QAAQ,OAAO;AAAA,EACvC;AACF;",
      "names": []
    },
    "_coverageSchema": "1a1c01bbd47fc00a2c39e90264f33305004495a9",
    "hash": "fd8ad0c9e83981217175a160a4207a39d0bb9cd0"
  },
  "/home/titi/projects/formation/projet4/DFSJS-Testez-et-am-liorez-une-application-full-stack-JavaScript/frontend/src/components/Navbar.tsx": {
    "path": "/home/titi/projects/formation/projet4/DFSJS-Testez-et-am-liorez-une-application-full-stack-JavaScript/frontend/src/components/Navbar.tsx",
    "statementMap": {
      "0": {
        "start": {
          "line": 2,
          "column": 9
        },
        "end": {
          "line": 2,
          "column": 23
        }
      },
      "1": {
        "start": {
          "line": 6,
          "column": 2
        },
        "end": {
          "line": 6,
          "column": 7
        }
      },
      "2": {
        "start": {
          "line": 7,
          "column": 19
        },
        "end": {
          "line": 7,
          "column": 32
        }
      },
      "3": {
        "start": {
          "line": 8,
          "column": 15
        },
        "end": {
          "line": 8,
          "column": 43
        }
      },
      "4": {
        "start": {
          "line": 9,
          "column": 26
        },
        "end": {
          "line": 9,
          "column": 55
        }
      },
      "5": {
        "start": {
          "line": 10,
          "column": 23
        },
        "end": {
          "line": 13,
          "column": 3
        }
      },
      "6": {
        "start": {
          "line": 11,
          "column": 4
        },
        "end": {
          "line": 11,
          "column": 25
        }
      },
      "7": {
        "start": {
          "line": 12,
          "column": 4
        },
        "end": {
          "line": 12,
          "column": 23
        }
      },
      "8": {
        "start": {
          "line": 14,
          "column": 2
        },
        "end": {
          "line": 88,
          "column": 11
        }
      },
      "9": {
        "start": {
          "line": 90,
          "column": 0
        },
        "end": {
          "line": 92,
          "column": 3
        }
      },
      "10": {
        "start": {
          "line": 91,
          "column": 2
        },
        "end": {
          "line": 91,
          "column": 23
        }
      },
      "11": {
        "start": {
          "line": 93,
          "column": 0
        },
        "end": {
          "line": 93,
          "column": 12
        }
      },
      "12": {
        "start": {
          "line": 96,
          "column": 0
        },
        "end": {
          "line": 96,
          "column": 27
        }
      },
      "13": {
        "start": {
          "line": 98,
          "column": 20
        },
        "end": {
          "line": 98,
          "column": 97
        }
      },
      "14": {
        "start": {
          "line": 99,
          "column": 0
        },
        "end": {
          "line": 113,
          "column": 1
        }
      },
      "15": {
        "start": {
          "line": 100,
          "column": 2
        },
        "end": {
          "line": 104,
          "column": 3
        }
      },
      "16": {
        "start": {
          "line": 101,
          "column": 4
        },
        "end": {
          "line": 103,
          "column": 6
        }
      },
      "17": {
        "start": {
          "line": 105,
          "column": 2
        },
        "end": {
          "line": 112,
          "column": 5
        }
      },
      "18": {
        "start": {
          "line": 106,
          "column": 4
        },
        "end": {
          "line": 106,
          "column": 206
        }
      },
      "19": {
        "start": {
          "line": 107,
          "column": 4
        },
        "end": {
          "line": 111,
          "column": 7
        }
      },
      "20": {
        "start": {
          "line": 108,
          "column": 6
        },
        "end": {
          "line": 108,
          "column": 31
        }
      },
      "21": {
        "start": {
          "line": 108,
          "column": 24
        },
        "end": {
          "line": 108,
          "column": 31
        }
      },
      "22": {
        "start": {
          "line": 109,
          "column": 32
        },
        "end": {
          "line": 109,
          "column": 255
        }
      },
      "23": {
        "start": {
          "line": 110,
          "column": 6
        },
        "end": {
          "line": 110,
          "column": 75
        }
      },
      "24": {
        "start": {
          "line": 110,
          "column": 29
        },
        "end": {
          "line": 110,
          "column": 75
        }
      },
      "25": {
        "start": {
          "line": 115,
          "column": 2
        },
        "end": {
          "line": 115,
          "column": 185
        }
      },
      "26": {
        "start": {
          "line": 118,
          "column": 2
        },
        "end": {
          "line": 118,
          "column": 62
        }
      }
    },
    "fnMap": {
      "0": {
        "name": "Navbar",
        "decl": {
          "start": {
            "line": 5,
            "column": 9
          },
          "end": {
            "line": 5,
            "column": 15
          }
        },
        "loc": {
          "start": {
            "line": 5,
            "column": 18
          },
          "end": {
            "line": 89,
            "column": 1
          }
        },
        "line": 5
      },
      "1": {
        "name": "(anonymous_1)",
        "decl": {
          "start": {
            "line": 10,
            "column": 23
          },
          "end": {
            "line": 10,
            "column": 24
          }
        },
        "loc": {
          "start": {
            "line": 10,
            "column": 29
          },
          "end": {
            "line": 13,
            "column": 3
          }
        },
        "line": 10
      },
      "2": {
        "name": "(anonymous_2)",
        "decl": {
          "start": {
            "line": 90,
            "column": 50
          },
          "end": {
            "line": 90,
            "column": 51
          }
        },
        "loc": {
          "start": {
            "line": 90,
            "column": 61
          },
          "end": {
            "line": 92,
            "column": 1
          }
        },
        "line": 90
      },
      "3": {
        "name": "(anonymous_3)",
        "decl": {
          "start": {
            "line": 105,
            "column": 52
          },
          "end": {
            "line": 105,
            "column": 53
          }
        },
        "loc": {
          "start": {
            "line": 105,
            "column": 72
          },
          "end": {
            "line": 112,
            "column": 3
          }
        },
        "line": 105
      },
      "4": {
        "name": "(anonymous_4)",
        "decl": {
          "start": {
            "line": 107,
            "column": 27
          },
          "end": {
            "line": 107,
            "column": 28
          }
        },
        "loc": {
          "start": {
            "line": 107,
            "column": 44
          },
          "end": {
            "line": 111,
            "column": 5
          }
        },
        "line": 107
      },
      "5": {
        "name": "$RefreshReg$",
        "decl": {
          "start": {
            "line": 114,
            "column": 9
          },
          "end": {
            "line": 114,
            "column": 21
          }
        },
        "loc": {
          "start": {
            "line": 114,
            "column": 32
          },
          "end": {
            "line": 116,
            "column": 1
          }
        },
        "line": 114
      },
      "6": {
        "name": "$RefreshSig$",
        "decl": {
          "start": {
            "line": 117,
            "column": 9
          },
          "end": {
            "line": 117,
            "column": 21
          }
        },
        "loc": {
          "start": {
            "line": 117,
            "column": 24
          },
          "end": {
            "line": 119,
            "column": 1
          }
        },
        "line": 117
      }
    },
    "branchMap": {
      "0": {
        "loc": {
          "start": {
            "line": 20,
            "column": 88
          },
          "end": {
            "line": 71,
            "column": 12
          }
        },
        "type": "cond-expr",
        "locations": [
          {
            "start": {
              "line": 20,
              "column": 122
            },
            "end": {
              "line": 56,
              "column": 12
            }
          },
          {
            "start": {
              "line": 56,
              "column": 31
            },
            "end": {
              "line": 71,
              "column": 12
            }
          }
        ],
        "line": 20
      },
      "1": {
        "loc": {
          "start": {
            "line": 26,
            "column": 6
          },
          "end": {
            "line": 30,
            "column": 21
          }
        },
        "type": "cond-expr",
        "locations": [
          {
            "start": {
              "line": 26,
              "column": 43
            },
            "end": {
              "line": 30,
              "column": 14
            }
          },
          {
            "start": {
              "line": 30,
              "column": 17
            },
            "end": {
              "line": 30,
              "column": 21
            }
          }
        ],
        "line": 26
      },
      "2": {
        "loc": {
          "start": {
            "line": 26,
            "column": 6
          },
          "end": {
            "line": 26,
            "column": 24
          }
        },
        "type": "binary-expr",
        "locations": [
          {
            "start": {
              "line": 26,
              "column": 6
            },
            "end": {
              "line": 26,
              "column": 10
            }
          },
          {
            "start": {
              "line": 26,
              "column": 14
            },
            "end": {
              "line": 26,
              "column": 24
            }
          }
        ],
        "line": 26
      },
      "3": {
        "loc": {
          "start": {
            "line": 98,
            "column": 20
          },
          "end": {
            "line": 98,
            "column": 97
          }
        },
        "type": "binary-expr",
        "locations": [
          {
            "start": {
              "line": 98,
              "column": 20
            },
            "end": {
              "line": 98,
              "column": 60
            }
          },
          {
            "start": {
              "line": 98,
              "column": 64
            },
            "end": {
              "line": 98,
              "column": 97
            }
          }
        ],
        "line": 98
      },
      "4": {
        "loc": {
          "start": {
            "line": 99,
            "column": 0
          },
          "end": {
            "line": 113,
            "column": 1
          }
        },
        "type": "if",
        "locations": [
          {
            "start": {
              "line": 99,
              "column": 0
            },
            "end": {
              "line": 113,
              "column": 1
            }
          },
          {
            "start": {},
            "end": {}
          }
        ],
        "line": 99
      },
      "5": {
        "loc": {
          "start": {
            "line": 99,
            "column": 4
          },
          "end": {
            "line": 99,
            "column": 35
          }
        },
        "type": "binary-expr",
        "locations": [
          {
            "start": {
              "line": 99,
              "column": 4
            },
            "end": {
              "line": 99,
              "column": 19
            }
          },
          {
            "start": {
              "line": 99,
              "column": 23
            },
            "end": {
              "line": 99,
              "column": 35
            }
          }
        ],
        "line": 99
      },
      "6": {
        "loc": {
          "start": {
            "line": 100,
            "column": 2
          },
          "end": {
            "line": 104,
            "column": 3
          }
        },
        "type": "if",
        "locations": [
          {
            "start": {
              "line": 100,
              "column": 2
            },
            "end": {
              "line": 104,
              "column": 3
            }
          },
          {
            "start": {},
            "end": {}
          }
        ],
        "line": 100
      },
      "7": {
        "loc": {
          "start": {
            "line": 108,
            "column": 6
          },
          "end": {
            "line": 108,
            "column": 31
          }
        },
        "type": "if",
        "locations": [
          {
            "start": {
              "line": 108,
              "column": 6
            },
            "end": {
              "line": 108,
              "column": 31
            }
          },
          {
            "start": {},
            "end": {}
          }
        ],
        "line": 108
      },
      "8": {
        "loc": {
          "start": {
            "line": 110,
            "column": 6
          },
          "end": {
            "line": 110,
            "column": 75
          }
        },
        "type": "if",
        "locations": [
          {
            "start": {
              "line": 110,
              "column": 6
            },
            "end": {
              "line": 110,
              "column": 75
            }
          },
          {
            "start": {},
            "end": {}
          }
        ],
        "line": 110
      }
    },
    "s": {
      "0": 33,
      "1": 122,
      "2": 122,
      "3": 122,
      "4": 122,
      "5": 122,
      "6": 1,
      "7": 1,
      "8": 122,
      "9": 33,
      "10": 33,
      "11": 33,
      "12": 33,
      "13": 33,
      "14": 33,
      "15": 33,
      "16": 0,
      "17": 33,
      "18": 33,
      "19": 33,
      "20": 0,
      "21": 0,
      "22": 0,
      "23": 0,
      "24": 0,
      "25": 33,
      "26": 33
    },
    "f": {
      "0": 122,
      "1": 1,
      "2": 33,
      "3": 33,
      "4": 0,
      "5": 33,
      "6": 33
    },
    "b": {
      "0": [
        90,
        32
      ],
      "1": [
        34,
        56
      ],
      "2": [
        90,
        90
      ],
      "3": [
        33,
        0
      ],
      "4": [
        33,
        0
      ],
      "5": [
        33,
        33
      ],
      "6": [
        0,
        33
      ],
      "7": [
        0,
        0
      ],
      "8": [
        0,
        0
      ]
    },
    "inputSourceMap": {
      "version": 3,
      "mappings": "AAiBU,SAMI,UANJ;;AAjBV,SAASA,MAAMC,mBAAmB;AAClC,SAASC,mBAAmB;AAE5B,SAASC,SAAS;AAAAC,KAAA;AAChB,QAAMC,WAAWJ,YAAY;AAC7B,QAAMK,OAAOJ,YAAYK,eAAe;AACxC,QAAMC,kBAAkBN,YAAYM,gBAAgB;AAEpD,QAAMC,eAAeA,MAAY;AAC/BP,gBAAYQ,OAAO;AACnBL,aAAS,QAAQ;AAAA,EACnB;AAEA,SACE,uBAAC,SAAI,WAAU,sCACb,iCAAC,SAAI,WAAU,+BACb,iCAAC,SAAI,WAAU,qCACb;AAAA,2BAAC,QAAK,IAAG,KAAI,WAAU,sBAAoB,2BAA3C;AAAA;AAAA;AAAA;AAAA,WAEA;AAAA,IAEA,uBAAC,SAAI,WAAU,+BACZG,4BACC,mCACE;AAAA,6BAAC,QAAK,IAAG,aAAY,WAAU,yBAAuB,wBAAtD;AAAA;AAAA;AAAA;AAAA,aAEA;AAAA,MACCF,QAAQA,KAAKK,QACZ,uBAAC,QAAK,IAAG,oBAAmB,WAAU,yBAAuB,8BAA7D;AAAA;AAAA;AAAA;AAAA,aAEA,IACE;AAAA,MACJ,uBAAC,QAAK,IAAG,YAAW,WAAU,yBAAuB,uBAArD;AAAA;AAAA;AAAA;AAAA,aAEA;AAAA,MACA;AAAA,QAAC;AAAA;AAAA,UACC,SAASF;AAAAA,UACT,WAAU;AAAA,UAAqD;AAAA;AAAA,QAFjE;AAAA;AAAA;AAAA;AAAA;AAAA;AAAA;AAAA;AAAA,MAKA;AAAA,SAjBF;AAAA;AAAA;AAAA;AAAA,WAkBA,IAEA,mCACE;AAAA,6BAAC,QAAK,IAAG,UAAS,WAAU,yBAAuB,qBAAnD;AAAA;AAAA;AAAA;AAAA,aAEA;AAAA,MACA,uBAAC,QAAK,IAAG,aAAY,WAAU,yBAAuB,wBAAtD;AAAA;AAAA;AAAA;AAAA,aAEA;AAAA,SANF;AAAA;AAAA;AAAA;AAAA,WAOA,KA7BJ;AAAA;AAAA;AAAA;AAAA,WA+BA;AAAA,OApCF;AAAA;AAAA;AAAA;AAAA,SAqCA,KAtCF;AAAA;AAAA;AAAA;AAAA,SAuCA,KAxCF;AAAA;AAAA;AAAA;AAAA,SAyCA;AAEJ;AAACL,GAtDQD,QAAM;AAAA,UACIF,WAAW;AAAA;AAAA,KADrBE;AAwDT,eAAeA;AAAO,IAAAS;AAAA,aAAAA,IAAA",
      "names": [
        "Link",
        "useNavigate",
        "authService",
        "Navbar",
        "_s",
        "navigate",
        "user",
        "getCurrentUser",
        "isAuthenticated",
        "handleLogout",
        "logout",
        "admin",
        "_c"
      ],
      "ignoreList": [],
      "sources": [
        "/home/titi/projects/formation/projet4/DFSJS-Testez-et-am-liorez-une-application-full-stack-JavaScript/frontend/src/components/Navbar.tsx"
      ],
      "file": "/home/titi/projects/formation/projet4/DFSJS-Testez-et-am-liorez-une-application-full-stack-JavaScript/frontend/src/components/Navbar.tsx"
    },
    "_coverageSchema": "1a1c01bbd47fc00a2c39e90264f33305004495a9",
    "hash": "fe4fb97142bcfdfeb1cd1414ec99146097427990"
  },
  "/home/titi/projects/formation/projet4/DFSJS-Testez-et-am-liorez-une-application-full-stack-JavaScript/frontend/src/pages/Login.tsx": {
    "path": "/home/titi/projects/formation/projet4/DFSJS-Testez-et-am-liorez-une-application-full-stack-JavaScript/frontend/src/pages/Login.tsx",
    "statementMap": {
      "0": {
        "start": {
          "line": 2,
          "column": 9
        },
        "end": {
          "line": 2,
          "column": 23
        }
      },
      "1": {
        "start": {
          "line": 7,
          "column": 2
        },
        "end": {
          "line": 7,
          "column": 7
        }
      },
      "2": {
        "start": {
          "line": 8,
          "column": 19
        },
        "end": {
          "line": 8,
          "column": 32
        }
      },
      "3": {
        "start": {
          "line": 9,
          "column": 28
        },
        "end": {
          "line": 9,
          "column": 40
        }
      },
      "4": {
        "start": {
          "line": 10,
          "column": 34
        },
        "end": {
          "line": 10,
          "column": 46
        }
      },
      "5": {
        "start": {
          "line": 11,
          "column": 28
        },
        "end": {
          "line": 11,
          "column": 42
        }
      },
      "6": {
        "start": {
          "line": 12,
          "column": 32
        },
        "end": {
          "line": 12,
          "column": 47
        }
      },
      "7": {
        "start": {
          "line": 13,
          "column": 23
        },
        "end": {
          "line": 29,
          "column": 3
        }
      },
      "8": {
        "start": {
          "line": 14,
          "column": 4
        },
        "end": {
          "line": 14,
          "column": 23
        }
      },
      "9": {
        "start": {
          "line": 15,
          "column": 4
        },
        "end": {
          "line": 15,
          "column": 19
        }
      },
      "10": {
        "start": {
          "line": 16,
          "column": 4
        },
        "end": {
          "line": 16,
          "column": 21
        }
      },
      "11": {
        "start": {
          "line": 17,
          "column": 4
        },
        "end": {
          "line": 28,
          "column": 5
        }
      },
      "12": {
        "start": {
          "line": 18,
          "column": 6
        },
        "end": {
          "line": 18,
          "column": 51
        }
      },
      "13": {
        "start": {
          "line": 19,
          "column": 6
        },
        "end": {
          "line": 19,
          "column": 28
        }
      },
      "14": {
        "start": {
          "line": 21,
          "column": 25
        },
        "end": {
          "line": 21,
          "column": 39
        }
      },
      "15": {
        "start": {
          "line": 22,
          "column": 6
        },
        "end": {
          "line": 24,
          "column": 7
        }
      },
      "16": {
        "start": {
          "line": 23,
          "column": 8
        },
        "end": {
          "line": 23,
          "column": 35
        }
      },
      "17": {
        "start": {
          "line": 25,
          "column": 6
        },
        "end": {
          "line": 25,
          "column": 29
        }
      },
      "18": {
        "start": {
          "line": 27,
          "column": 6
        },
        "end": {
          "line": 27,
          "column": 24
        }
      },
      "19": {
        "start": {
          "line": 30,
          "column": 2
        },
        "end": {
          "line": 178,
          "column": 11
        }
      },
      "20": {
        "start": {
          "line": 65,
          "column": 29
        },
        "end": {
          "line": 65,
          "column": 53
        }
      },
      "21": {
        "start": {
          "line": 106,
          "column": 29
        },
        "end": {
          "line": 106,
          "column": 56
        }
      },
      "22": {
        "start": {
          "line": 180,
          "column": 0
        },
        "end": {
          "line": 182,
          "column": 3
        }
      },
      "23": {
        "start": {
          "line": 181,
          "column": 2
        },
        "end": {
          "line": 181,
          "column": 23
        }
      },
      "24": {
        "start": {
          "line": 183,
          "column": 0
        },
        "end": {
          "line": 183,
          "column": 11
        }
      },
      "25": {
        "start": {
          "line": 186,
          "column": 0
        },
        "end": {
          "line": 186,
          "column": 26
        }
      },
      "26": {
        "start": {
          "line": 188,
          "column": 20
        },
        "end": {
          "line": 188,
          "column": 97
        }
      },
      "27": {
        "start": {
          "line": 189,
          "column": 0
        },
        "end": {
          "line": 203,
          "column": 1
        }
      },
      "28": {
        "start": {
          "line": 190,
          "column": 2
        },
        "end": {
          "line": 194,
          "column": 3
        }
      },
      "29": {
        "start": {
          "line": 191,
          "column": 4
        },
        "end": {
          "line": 193,
          "column": 6
        }
      },
      "30": {
        "start": {
          "line": 195,
          "column": 2
        },
        "end": {
          "line": 202,
          "column": 5
        }
      },
      "31": {
        "start": {
          "line": 196,
          "column": 4
        },
        "end": {
          "line": 196,
          "column": 200
        }
      },
      "32": {
        "start": {
          "line": 197,
          "column": 4
        },
        "end": {
          "line": 201,
          "column": 7
        }
      },
      "33": {
        "start": {
          "line": 198,
          "column": 6
        },
        "end": {
          "line": 198,
          "column": 31
        }
      },
      "34": {
        "start": {
          "line": 198,
          "column": 24
        },
        "end": {
          "line": 198,
          "column": 31
        }
      },
      "35": {
        "start": {
          "line": 199,
          "column": 32
        },
        "end": {
          "line": 199,
          "column": 249
        }
      },
      "36": {
        "start": {
          "line": 200,
          "column": 6
        },
        "end": {
          "line": 200,
          "column": 75
        }
      },
      "37": {
        "start": {
          "line": 200,
          "column": 29
        },
        "end": {
          "line": 200,
          "column": 75
        }
      },
      "38": {
        "start": {
          "line": 205,
          "column": 2
        },
        "end": {
          "line": 205,
          "column": 179
        }
      },
      "39": {
        "start": {
          "line": 208,
          "column": 2
        },
        "end": {
          "line": 208,
          "column": 62
        }
      }
    },
    "fnMap": {
      "0": {
        "name": "Login",
        "decl": {
          "start": {
            "line": 6,
            "column": 9
          },
          "end": {
            "line": 6,
            "column": 14
          }
        },
        "loc": {
          "start": {
            "line": 6,
            "column": 17
          },
          "end": {
            "line": 179,
            "column": 1
          }
        },
        "line": 6
      },
      "1": {
        "name": "(anonymous_1)",
        "decl": {
          "start": {
            "line": 13,
            "column": 23
          },
          "end": {
            "line": 13,
            "column": 24
          }
        },
        "loc": {
          "start": {
            "line": 13,
            "column": 36
          },
          "end": {
            "line": 29,
            "column": 3
          }
        },
        "line": 13
      },
      "2": {
        "name": "(anonymous_2)",
        "decl": {
          "start": {
            "line": 65,
            "column": 22
          },
          "end": {
            "line": 65,
            "column": 23
          }
        },
        "loc": {
          "start": {
            "line": 65,
            "column": 29
          },
          "end": {
            "line": 65,
            "column": 53
          }
        },
        "line": 65
      },
      "3": {
        "name": "(anonymous_3)",
        "decl": {
          "start": {
            "line": 106,
            "column": 22
          },
          "end": {
            "line": 106,
            "column": 23
          }
        },
        "loc": {
          "start": {
            "line": 106,
            "column": 29
          },
          "end": {
            "line": 106,
            "column": 56
          }
        },
        "line": 106
      },
      "4": {
        "name": "(anonymous_4)",
        "decl": {
          "start": {
            "line": 180,
            "column": 49
          },
          "end": {
            "line": 180,
            "column": 50
          }
        },
        "loc": {
          "start": {
            "line": 180,
            "column": 60
          },
          "end": {
            "line": 182,
            "column": 1
          }
        },
        "line": 180
      },
      "5": {
        "name": "(anonymous_5)",
        "decl": {
          "start": {
            "line": 195,
            "column": 52
          },
          "end": {
            "line": 195,
            "column": 53
          }
        },
        "loc": {
          "start": {
            "line": 195,
            "column": 72
          },
          "end": {
            "line": 202,
            "column": 3
          }
        },
        "line": 195
      },
      "6": {
        "name": "(anonymous_6)",
        "decl": {
          "start": {
            "line": 197,
            "column": 27
          },
          "end": {
            "line": 197,
            "column": 28
          }
        },
        "loc": {
          "start": {
            "line": 197,
            "column": 44
          },
          "end": {
            "line": 201,
            "column": 5
          }
        },
        "line": 197
      },
      "7": {
        "name": "$RefreshReg$",
        "decl": {
          "start": {
            "line": 204,
            "column": 9
          },
          "end": {
            "line": 204,
            "column": 21
          }
        },
        "loc": {
          "start": {
            "line": 204,
            "column": 32
          },
          "end": {
            "line": 206,
            "column": 1
          }
        },
        "line": 204
      },
      "8": {
        "name": "$RefreshSig$",
        "decl": {
          "start": {
            "line": 207,
            "column": 9
          },
          "end": {
            "line": 207,
            "column": 21
          }
        },
        "loc": {
          "start": {
            "line": 207,
            "column": 24
          },
          "end": {
            "line": 209,
            "column": 1
          }
        },
        "line": 207
      }
    },
    "branchMap": {
      "0": {
        "loc": {
          "start": {
            "line": 22,
            "column": 6
          },
          "end": {
            "line": 24,
            "column": 7
          }
        },
        "type": "if",
        "locations": [
          {
            "start": {
              "line": 22,
              "column": 6
            },
            "end": {
              "line": 24,
              "column": 7
            }
          },
          {
            "start": {},
            "end": {}
          }
        ],
        "line": 22
      },
      "1": {
        "loc": {
          "start": {
            "line": 36,
            "column": 4
          },
          "end": {
            "line": 40,
            "column": 12
          }
        },
        "type": "binary-expr",
        "locations": [
          {
            "start": {
              "line": 36,
              "column": 4
            },
            "end": {
              "line": 36,
              "column": 9
            }
          },
          {
            "start": {
              "line": 36,
              "column": 29
            },
            "end": {
              "line": 40,
              "column": 12
            }
          }
        ],
        "line": 36
      },
      "2": {
        "loc": {
          "start": {
            "line": 130,
            "column": 20
          },
          "end": {
            "line": 130,
            "column": 52
          }
        },
        "type": "cond-expr",
        "locations": [
          {
            "start": {
              "line": 130,
              "column": 30
            },
            "end": {
              "line": 130,
              "column": 42
            }
          },
          {
            "start": {
              "line": 130,
              "column": 45
            },
            "end": {
              "line": 130,
              "column": 52
            }
          }
        ],
        "line": 130
      },
      "3": {
        "loc": {
          "start": {
            "line": 188,
            "column": 20
          },
          "end": {
            "line": 188,
            "column": 97
          }
        },
        "type": "binary-expr",
        "locations": [
          {
            "start": {
              "line": 188,
              "column": 20
            },
            "end": {
              "line": 188,
              "column": 60
            }
          },
          {
            "start": {
              "line": 188,
              "column": 64
            },
            "end": {
              "line": 188,
              "column": 97
            }
          }
        ],
        "line": 188
      },
      "4": {
        "loc": {
          "start": {
            "line": 189,
            "column": 0
          },
          "end": {
            "line": 203,
            "column": 1
          }
        },
        "type": "if",
        "locations": [
          {
            "start": {
              "line": 189,
              "column": 0
            },
            "end": {
              "line": 203,
              "column": 1
            }
          },
          {
            "start": {},
            "end": {}
          }
        ],
        "line": 189
      },
      "5": {
        "loc": {
          "start": {
            "line": 189,
            "column": 4
          },
          "end": {
            "line": 189,
            "column": 35
          }
        },
        "type": "binary-expr",
        "locations": [
          {
            "start": {
              "line": 189,
              "column": 4
            },
            "end": {
              "line": 189,
              "column": 19
            }
          },
          {
            "start": {
              "line": 189,
              "column": 23
            },
            "end": {
              "line": 189,
              "column": 35
            }
          }
        ],
        "line": 189
      },
      "6": {
        "loc": {
          "start": {
            "line": 190,
            "column": 2
          },
          "end": {
            "line": 194,
            "column": 3
          }
        },
        "type": "if",
        "locations": [
          {
            "start": {
              "line": 190,
              "column": 2
            },
            "end": {
              "line": 194,
              "column": 3
            }
          },
          {
            "start": {},
            "end": {}
          }
        ],
        "line": 190
      },
      "7": {
        "loc": {
          "start": {
            "line": 198,
            "column": 6
          },
          "end": {
            "line": 198,
            "column": 31
          }
        },
        "type": "if",
        "locations": [
          {
            "start": {
              "line": 198,
              "column": 6
            },
            "end": {
              "line": 198,
              "column": 31
            }
          },
          {
            "start": {},
            "end": {}
          }
        ],
        "line": 198
      },
      "8": {
        "loc": {
          "start": {
            "line": 200,
            "column": 6
          },
          "end": {
            "line": 200,
            "column": 75
          }
        },
        "type": "if",
        "locations": [
          {
            "start": {
              "line": 200,
              "column": 6
            },
            "end": {
              "line": 200,
              "column": 75
            }
          },
          {
            "start": {},
            "end": {}
          }
        ],
        "line": 200
      }
    },
    "s": {
      "0": 33,
      "1": 448,
      "2": 448,
      "3": 448,
      "4": 448,
      "5": 448,
      "6": 448,
      "7": 448,
      "8": 9,
      "9": 9,
      "10": 9,
      "11": 9,
      "12": 9,
      "13": 5,
      "14": 4,
      "15": 4,
      "16": 4,
      "17": 4,
      "18": 9,
      "19": 448,
      "20": 122,
      "21": 77,
      "22": 33,
      "23": 12,
      "24": 33,
      "25": 33,
      "26": 33,
      "27": 33,
      "28": 33,
      "29": 0,
      "30": 33,
      "31": 33,
      "32": 33,
      "33": 0,
      "34": 0,
      "35": 0,
      "36": 0,
      "37": 0,
      "38": 33,
      "39": 33
    },
    "f": {
      "0": 448,
      "1": 9,
      "2": 122,
      "3": 77,
      "4": 12,
      "5": 33,
      "6": 0,
      "7": 33,
      "8": 33
    },
    "b": {
      "0": [
        4,
        0
      ],
      "1": [
        448,
        8
      ],
      "2": [
        18,
        430
      ],
      "3": [
        33,
        0
      ],
      "4": [
        33,
        0
      ],
      "5": [
        33,
        33
      ],
      "6": [
        0,
        33
      ],
      "7": [
        0,
        0
      ],
      "8": [
        0,
        0
      ]
    },
    "inputSourceMap": {
      "version": 3,
      "mappings": "AAmCQ;;AAnCR,SAASA,gBAAgB;AACzB,SAASC,aAAaC,YAAY;AAClC,SAASC,mBAAmB;AAE5B,SAASC,QAAQ;AAAAC,KAAA;AACf,QAAMC,WAAWL,YAAY;AAC7B,QAAM,CAACM,OAAOC,QAAQ,IAAIR,SAAiB,EAAE;AAC7C,QAAM,CAACS,UAAUC,WAAW,IAAIV,SAAiB,EAAE;AACnD,QAAM,CAACW,OAAOC,QAAQ,IAAIZ,SAAwB,IAAI;AACtD,QAAM,CAACa,SAASC,UAAU,IAAId,SAAkB,KAAK;AAErD,QAAMe,eAAe,OACnBC,MACkB;AAClBA,MAAEC,eAAe;AACjBL,aAAS,IAAI;AACbE,eAAW,IAAI;AAEf,QAAI;AACF,YAAMX,YAAYe,MAAM,EAAEX,OAAOE,SAAS,CAAC;AAC3CH,eAAS,WAAW;AAAA,IACtB,SAASa,KAAc;AACrB,UAAIC,eAAe;AACnB,UAAID,eAAeE,OAAO;AACxBD,uBAAeD,IAAIG;AAAAA,MACrB;AACAV,eAASQ,YAAY;AAAA,IACvB,UAAC;AACCN,iBAAW,KAAK;AAAA,IAClB;AAAA,EACF;AAEA,SACE,uBAAC,SAAI,WAAU,wEACb,iCAAC,SAAI,WAAU,qDACb;AAAA,2BAAC,QAAG,WAAU,qDAAmD,oCAAjE;AAAA;AAAA;AAAA;AAAA,WAEA;AAAA,IAECH,SACC,uBAAC,SAAI,WAAU,wEACZA,mBADH;AAAA;AAAA;AAAA;AAAA,WAEA;AAAA,IAGF,uBAAC,UAAK,UAAUI,cACd;AAAA,6BAAC,SAAI,WAAU,QACb;AAAA;AAAA,UAAC;AAAA;AAAA,YACC,WAAU;AAAA,YACV,SAAQ;AAAA,YAAO;AAAA;AAAA,UAFjB;AAAA;AAAA;AAAA;AAAA;AAAA;AAAA;AAAA;AAAA,QAKA;AAAA,QACA;AAAA,UAAC;AAAA;AAAA,YACC,MAAK;AAAA,YACL,OAAOR;AAAAA,YACP,IAAG;AAAA,YACH,UAAU,CAACS,MAAMR,SAASQ,EAAEO,OAAOC,KAAK;AAAA,YACxC,WAAU;AAAA,YACV,UAAQ;AAAA;AAAA,UANV;AAAA;AAAA;AAAA;AAAA;AAAA;AAAA;AAAA;AAAA,QAMU;AAAA,WAbZ;AAAA;AAAA;AAAA;AAAA,aAeA;AAAA,MAEA,uBAAC,SAAI,WAAU,QACb;AAAA;AAAA,UAAC;AAAA;AAAA,YACC,WAAU;AAAA,YACV,SAAQ;AAAA,YAAU;AAAA;AAAA,UAFpB;AAAA;AAAA;AAAA;AAAA;AAAA;AAAA;AAAA;AAAA,QAKA;AAAA,QACA;AAAA,UAAC;AAAA;AAAA,YACC,MAAK;AAAA,YACL,IAAG;AAAA,YACH,OAAOf;AAAAA,YACP,UAAU,CAACO,MAAMN,YAAYM,EAAEO,OAAOC,KAAK;AAAA,YAC3C,WAAU;AAAA,YACV,UAAQ;AAAA;AAAA,UANV;AAAA;AAAA;AAAA;AAAA;AAAA;AAAA;AAAA;AAAA,QAMU;AAAA,WAbZ;AAAA;AAAA;AAAA;AAAA,aAeA;AAAA,MAEA;AAAA,QAAC;AAAA;AAAA,UACC,MAAK;AAAA,UACL,UAAUX;AAAAA,UACV,WAAU;AAAA,UAETA,oBAAU,eAAe;AAAA;AAAA,QAL5B;AAAA;AAAA;AAAA;AAAA;AAAA;AAAA;AAAA;AAAA,MAMA;AAAA,SAzCF;AAAA;AAAA;AAAA;AAAA,WA0CA;AAAA,IAEA,uBAAC,OAAE,WAAU,kCAAgC;AAAA;AAAA,MACpB;AAAA,MACvB;AAAA,QAAC;AAAA;AAAA,UACC,IAAG;AAAA,UACH,WAAU;AAAA,UAAuC;AAAA;AAAA,QAFnD;AAAA;AAAA;AAAA;AAAA;AAAA;AAAA;AAAA;AAAA,MAKA;AAAA,SAPF;AAAA;AAAA;AAAA;AAAA,WAQA;AAAA,OA/DF;AAAA;AAAA;AAAA;AAAA,SAgEA,KAjEF;AAAA;AAAA;AAAA;AAAA,SAkEA;AAEJ;AAACR,GAjGQD,OAAK;AAAA,UACKH,WAAW;AAAA;AAAA,KADrBG;AAmGT,eAAeA;AAAM,IAAAqB;AAAA,aAAAA,IAAA",
      "names": [
        "useState",
        "useNavigate",
        "Link",
        "authService",
        "Login",
        "_s",
        "navigate",
        "email",
        "setEmail",
        "password",
        "setPassword",
        "error",
        "setError",
        "loading",
        "setLoading",
        "handleSubmit",
        "e",
        "preventDefault",
        "login",
        "err",
        "errorMessage",
        "Error",
        "message",
        "target",
        "value",
        "_c"
      ],
      "ignoreList": [],
      "sources": [
        "/home/titi/projects/formation/projet4/DFSJS-Testez-et-am-liorez-une-application-full-stack-JavaScript/frontend/src/pages/Login.tsx"
      ],
      "file": "/home/titi/projects/formation/projet4/DFSJS-Testez-et-am-liorez-une-application-full-stack-JavaScript/frontend/src/pages/Login.tsx"
    },
    "_coverageSchema": "1a1c01bbd47fc00a2c39e90264f33305004495a9",
    "hash": "5447cfa8b5f9f3b58235f71dde1870f92cb5e7e6"
  },
  "/home/titi/projects/formation/projet4/DFSJS-Testez-et-am-liorez-une-application-full-stack-JavaScript/frontend/src/pages/Register.tsx": {
    "path": "/home/titi/projects/formation/projet4/DFSJS-Testez-et-am-liorez-une-application-full-stack-JavaScript/frontend/src/pages/Register.tsx",
    "statementMap": {
      "0": {
        "start": {
          "line": 2,
          "column": 9
        },
        "end": {
          "line": 2,
          "column": 23
        }
      },
      "1": {
        "start": {
          "line": 7,
          "column": 2
        },
        "end": {
          "line": 7,
          "column": 7
        }
      },
      "2": {
        "start": {
          "line": 8,
          "column": 19
        },
        "end": {
          "line": 8,
          "column": 32
        }
      },
      "3": {
        "start": {
          "line": 9,
          "column": 34
        },
        "end": {
          "line": 14,
          "column": 4
        }
      },
      "4": {
        "start": {
          "line": 15,
          "column": 28
        },
        "end": {
          "line": 15,
          "column": 42
        }
      },
      "5": {
        "start": {
          "line": 16,
          "column": 32
        },
        "end": {
          "line": 16,
          "column": 47
        }
      },
      "6": {
        "start": {
          "line": 17,
          "column": 23
        },
        "end": {
          "line": 24,
          "column": 3
        }
      },
      "7": {
        "start": {
          "line": 18,
          "column": 4
        },
        "end": {
          "line": 23,
          "column": 5
        }
      },
      "8": {
        "start": {
          "line": 19,
          "column": 6
        },
        "end": {
          "line": 22,
          "column": 9
        }
      },
      "9": {
        "start": {
          "line": 25,
          "column": 23
        },
        "end": {
          "line": 41,
          "column": 3
        }
      },
      "10": {
        "start": {
          "line": 26,
          "column": 4
        },
        "end": {
          "line": 26,
          "column": 23
        }
      },
      "11": {
        "start": {
          "line": 27,
          "column": 4
        },
        "end": {
          "line": 27,
          "column": 19
        }
      },
      "12": {
        "start": {
          "line": 28,
          "column": 4
        },
        "end": {
          "line": 28,
          "column": 21
        }
      },
      "13": {
        "start": {
          "line": 29,
          "column": 4
        },
        "end": {
          "line": 40,
          "column": 5
        }
      },
      "14": {
        "start": {
          "line": 30,
          "column": 6
        },
        "end": {
          "line": 30,
          "column": 43
        }
      },
      "15": {
        "start": {
          "line": 31,
          "column": 6
        },
        "end": {
          "line": 31,
          "column": 28
        }
      },
      "16": {
        "start": {
          "line": 33,
          "column": 25
        },
        "end": {
          "line": 33,
          "column": 46
        }
      },
      "17": {
        "start": {
          "line": 34,
          "column": 6
        },
        "end": {
          "line": 36,
          "column": 7
        }
      },
      "18": {
        "start": {
          "line": 35,
          "column": 8
        },
        "end": {
          "line": 35,
          "column": 35
        }
      },
      "19": {
        "start": {
          "line": 37,
          "column": 6
        },
        "end": {
          "line": 37,
          "column": 29
        }
      },
      "20": {
        "start": {
          "line": 39,
          "column": 6
        },
        "end": {
          "line": 39,
          "column": 24
        }
      },
      "21": {
        "start": {
          "line": 42,
          "column": 2
        },
        "end": {
          "line": 266,
          "column": 11
        }
      },
      "22": {
        "start": {
          "line": 268,
          "column": 0
        },
        "end": {
          "line": 270,
          "column": 3
        }
      },
      "23": {
        "start": {
          "line": 269,
          "column": 2
        },
        "end": {
          "line": 269,
          "column": 23
        }
      },
      "24": {
        "start": {
          "line": 271,
          "column": 0
        },
        "end": {
          "line": 271,
          "column": 14
        }
      },
      "25": {
        "start": {
          "line": 274,
          "column": 0
        },
        "end": {
          "line": 274,
          "column": 29
        }
      },
      "26": {
        "start": {
          "line": 276,
          "column": 20
        },
        "end": {
          "line": 276,
          "column": 97
        }
      },
      "27": {
        "start": {
          "line": 277,
          "column": 0
        },
        "end": {
          "line": 291,
          "column": 1
        }
      },
      "28": {
        "start": {
          "line": 278,
          "column": 2
        },
        "end": {
          "line": 282,
          "column": 3
        }
      },
      "29": {
        "start": {
          "line": 279,
          "column": 4
        },
        "end": {
          "line": 281,
          "column": 6
        }
      },
      "30": {
        "start": {
          "line": 283,
          "column": 2
        },
        "end": {
          "line": 290,
          "column": 5
        }
      },
      "31": {
        "start": {
          "line": 284,
          "column": 4
        },
        "end": {
          "line": 284,
          "column": 203
        }
      },
      "32": {
        "start": {
          "line": 285,
          "column": 4
        },
        "end": {
          "line": 289,
          "column": 7
        }
      },
      "33": {
        "start": {
          "line": 286,
          "column": 6
        },
        "end": {
          "line": 286,
          "column": 31
        }
      },
      "34": {
        "start": {
          "line": 286,
          "column": 24
        },
        "end": {
          "line": 286,
          "column": 31
        }
      },
      "35": {
        "start": {
          "line": 287,
          "column": 32
        },
        "end": {
          "line": 287,
          "column": 252
        }
      },
      "36": {
        "start": {
          "line": 288,
          "column": 6
        },
        "end": {
          "line": 288,
          "column": 75
        }
      },
      "37": {
        "start": {
          "line": 288,
          "column": 29
        },
        "end": {
          "line": 288,
          "column": 75
        }
      },
      "38": {
        "start": {
          "line": 293,
          "column": 2
        },
        "end": {
          "line": 293,
          "column": 182
        }
      },
      "39": {
        "start": {
          "line": 296,
          "column": 2
        },
        "end": {
          "line": 296,
          "column": 62
        }
      }
    },
    "fnMap": {
      "0": {
        "name": "Register",
        "decl": {
          "start": {
            "line": 6,
            "column": 9
          },
          "end": {
            "line": 6,
            "column": 17
          }
        },
        "loc": {
          "start": {
            "line": 6,
            "column": 20
          },
          "end": {
            "line": 267,
            "column": 1
          }
        },
        "line": 6
      },
      "1": {
        "name": "(anonymous_1)",
        "decl": {
          "start": {
            "line": 17,
            "column": 23
          },
          "end": {
            "line": 17,
            "column": 24
          }
        },
        "loc": {
          "start": {
            "line": 17,
            "column": 30
          },
          "end": {
            "line": 24,
            "column": 3
          }
        },
        "line": 17
      },
      "2": {
        "name": "(anonymous_2)",
        "decl": {
          "start": {
            "line": 25,
            "column": 23
          },
          "end": {
            "line": 25,
            "column": 24
          }
        },
        "loc": {
          "start": {
            "line": 25,
            "column": 36
          },
          "end": {
            "line": 41,
            "column": 3
          }
        },
        "line": 25
      },
      "3": {
        "name": "(anonymous_3)",
        "decl": {
          "start": {
            "line": 268,
            "column": 52
          },
          "end": {
            "line": 268,
            "column": 53
          }
        },
        "loc": {
          "start": {
            "line": 268,
            "column": 63
          },
          "end": {
            "line": 270,
            "column": 1
          }
        },
        "line": 268
      },
      "4": {
        "name": "(anonymous_4)",
        "decl": {
          "start": {
            "line": 283,
            "column": 52
          },
          "end": {
            "line": 283,
            "column": 53
          }
        },
        "loc": {
          "start": {
            "line": 283,
            "column": 72
          },
          "end": {
            "line": 290,
            "column": 3
          }
        },
        "line": 283
      },
      "5": {
        "name": "(anonymous_5)",
        "decl": {
          "start": {
            "line": 285,
            "column": 27
          },
          "end": {
            "line": 285,
            "column": 28
          }
        },
        "loc": {
          "start": {
            "line": 285,
            "column": 44
          },
          "end": {
            "line": 289,
            "column": 5
          }
        },
        "line": 285
      },
      "6": {
        "name": "$RefreshReg$",
        "decl": {
          "start": {
            "line": 292,
            "column": 9
          },
          "end": {
            "line": 292,
            "column": 21
          }
        },
        "loc": {
          "start": {
            "line": 292,
            "column": 32
          },
          "end": {
            "line": 294,
            "column": 1
          }
        },
        "line": 292
      },
      "7": {
        "name": "$RefreshSig$",
        "decl": {
          "start": {
            "line": 295,
            "column": 9
          },
          "end": {
            "line": 295,
            "column": 21
          }
        },
        "loc": {
          "start": {
            "line": 295,
            "column": 24
          },
          "end": {
            "line": 297,
            "column": 1
          }
        },
        "line": 295
      }
    },
    "branchMap": {
      "0": {
        "loc": {
          "start": {
            "line": 18,
            "column": 4
          },
          "end": {
            "line": 23,
            "column": 5
          }
        },
        "type": "if",
        "locations": [
          {
            "start": {
              "line": 18,
              "column": 4
            },
            "end": {
              "line": 23,
              "column": 5
            }
          },
          {
            "start": {},
            "end": {}
          }
        ],
        "line": 18
      },
      "1": {
        "loc": {
          "start": {
            "line": 34,
            "column": 6
          },
          "end": {
            "line": 36,
            "column": 7
          }
        },
        "type": "if",
        "locations": [
          {
            "start": {
              "line": 34,
              "column": 6
            },
            "end": {
              "line": 36,
              "column": 7
            }
          },
          {
            "start": {},
            "end": {}
          }
        ],
        "line": 34
      },
      "2": {
        "loc": {
          "start": {
            "line": 48,
            "column": 4
          },
          "end": {
            "line": 52,
            "column": 12
          }
        },
        "type": "binary-expr",
        "locations": [
          {
            "start": {
              "line": 48,
              "column": 4
            },
            "end": {
              "line": 48,
              "column": 9
            }
          },
          {
            "start": {
              "line": 48,
              "column": 29
            },
            "end": {
              "line": 52,
              "column": 12
            }
          }
        ],
        "line": 48
      },
      "3": {
        "loc": {
          "start": {
            "line": 229,
            "column": 20
          },
          "end": {
            "line": 229,
            "column": 59
          }
        },
        "type": "cond-expr",
        "locations": [
          {
            "start": {
              "line": 229,
              "column": 30
            },
            "end": {
              "line": 229,
              "column": 46
            }
          },
          {
            "start": {
              "line": 229,
              "column": 49
            },
            "end": {
              "line": 229,
              "column": 59
            }
          }
        ],
        "line": 229
      },
      "4": {
        "loc": {
          "start": {
            "line": 276,
            "column": 20
          },
          "end": {
            "line": 276,
            "column": 97
          }
        },
        "type": "binary-expr",
        "locations": [
          {
            "start": {
              "line": 276,
              "column": 20
            },
            "end": {
              "line": 276,
              "column": 60
            }
          },
          {
            "start": {
              "line": 276,
              "column": 64
            },
            "end": {
              "line": 276,
              "column": 97
            }
          }
        ],
        "line": 276
      },
      "5": {
        "loc": {
          "start": {
            "line": 277,
            "column": 0
          },
          "end": {
            "line": 291,
            "column": 1
          }
        },
        "type": "if",
        "locations": [
          {
            "start": {
              "line": 277,
              "column": 0
            },
            "end": {
              "line": 291,
              "column": 1
            }
          },
          {
            "start": {},
            "end": {}
          }
        ],
        "line": 277
      },
      "6": {
        "loc": {
          "start": {
            "line": 277,
            "column": 4
          },
          "end": {
            "line": 277,
            "column": 35
          }
        },
        "type": "binary-expr",
        "locations": [
          {
            "start": {
              "line": 277,
              "column": 4
            },
            "end": {
              "line": 277,
              "column": 19
            }
          },
          {
            "start": {
              "line": 277,
              "column": 23
            },
            "end": {
              "line": 277,
              "column": 35
            }
          }
        ],
        "line": 277
      },
      "7": {
        "loc": {
          "start": {
            "line": 278,
            "column": 2
          },
          "end": {
            "line": 282,
            "column": 3
          }
        },
        "type": "if",
        "locations": [
          {
            "start": {
              "line": 278,
              "column": 2
            },
            "end": {
              "line": 282,
              "column": 3
            }
          },
          {
            "start": {},
            "end": {}
          }
        ],
        "line": 278
      },
      "8": {
        "loc": {
          "start": {
            "line": 286,
            "column": 6
          },
          "end": {
            "line": 286,
            "column": 31
          }
        },
        "type": "if",
        "locations": [
          {
            "start": {
              "line": 286,
              "column": 6
            },
            "end": {
              "line": 286,
              "column": 31
            }
          },
          {
            "start": {},
            "end": {}
          }
        ],
        "line": 286
      },
      "9": {
        "loc": {
          "start": {
            "line": 288,
            "column": 6
          },
          "end": {
            "line": 288,
            "column": 75
          }
        },
        "type": "if",
        "locations": [
          {
            "start": {
              "line": 288,
              "column": 6
            },
            "end": {
              "line": 288,
              "column": 75
            }
          },
          {
            "start": {},
            "end": {}
          }
        ],
        "line": 288
      }
    },
    "s": {
      "0": 33,
      "1": 288,
      "2": 288,
      "3": 288,
      "4": 288,
      "5": 288,
      "6": 288,
      "7": 134,
      "8": 134,
      "9": 288,
      "10": 4,
      "11": 4,
      "12": 4,
      "13": 4,
      "14": 4,
      "15": 2,
      "16": 2,
      "17": 2,
      "18": 2,
      "19": 2,
      "20": 4,
      "21": 288,
      "22": 33,
      "23": 4,
      "24": 33,
      "25": 33,
      "26": 33,
      "27": 33,
      "28": 33,
      "29": 0,
      "30": 33,
      "31": 33,
      "32": 33,
      "33": 0,
      "34": 0,
      "35": 0,
      "36": 0,
      "37": 0,
      "38": 33,
      "39": 33
    },
    "f": {
      "0": 288,
      "1": 134,
      "2": 4,
      "3": 4,
      "4": 33,
      "5": 0,
      "6": 33,
      "7": 33
    },
    "b": {
      "0": [
        134,
        0
      ],
      "1": [
        2,
        0
      ],
      "2": [
        288,
        4
      ],
      "3": [
        8,
        280
      ],
      "4": [
        33,
        0
      ],
      "5": [
        33,
        0
      ],
      "6": [
        33,
        33
      ],
      "7": [
        0,
        33
      ],
      "8": [
        0,
        0
      ],
      "9": [
        0,
        0
      ]
    },
    "inputSourceMap": {
      "version": 3,
      "mappings": "AA+CQ;;AA/CR,SAASA,gBAAgB;AACzB,SAASC,aAAaC,YAAY;AAClC,SAASC,mBAAmB;AAG5B,SAASC,WAAW;AAAAC,KAAA;AAClB,QAAMC,WAAWL,YAAY;AAC7B,QAAM,CAACM,UAAUC,WAAW,IAAIR,SAAuB;AAAA,IACrDS,OAAO;AAAA,IACPC,UAAU;AAAA,IACVC,WAAW;AAAA,IACXC,UAAU;AAAA,EACZ,CAAC;AACD,QAAM,CAACC,OAAOC,QAAQ,IAAId,SAAwB,IAAI;AACtD,QAAM,CAACe,SAASC,UAAU,IAAIhB,SAAkB,KAAK;AAErD,QAAMiB,eAAeA,CAACC,MAA2C;AAC/D,QAAIA,GAAG;AACLV,kBAAY;AAAA,QACV,GAAGD;AAAAA,QACH,CAACW,EAAEC,OAAOC,IAAI,GAAGF,EAAEC,OAAOE;AAAAA,MAC5B,CAAC;AAAA,IACH;AAAA,EACF;AAEA,QAAMC,eAAe,OAAOJ,MAA0C;AACpEA,MAAEK,eAAe;AACjBT,aAAS,IAAI;AACbE,eAAW,IAAI;AAEf,QAAI;AACF,YAAMb,YAAYqB,SAASjB,QAAQ;AACnCD,eAAS,WAAW;AAAA,IACtB,SAASmB,KAAc;AACrB,UAAIC,eAAe;AACnB,UAAID,eAAeE,OAAO;AACxBD,uBAAeD,IAAIG;AAAAA,MACrB;AACAd,eAASY,YAAY;AAAA,IACvB,UAAC;AACCV,iBAAW,KAAK;AAAA,IAClB;AAAA,EACF;AAEA,SACE,uBAAC,SAAI,WAAU,wEACb,iCAAC,SAAI,WAAU,qDACb;AAAA,2BAAC,QAAG,WAAU,qDAAmD,wCAAjE;AAAA;AAAA;AAAA;AAAA,WAEA;AAAA,IAECH,SACC,uBAAC,SAAI,WAAU,wEACZA,mBADH;AAAA;AAAA;AAAA;AAAA,WAEA;AAAA,IAGF,uBAAC,UAAK,UAAUS,cACd;AAAA,6BAAC,SAAI,WAAU,QACb;AAAA;AAAA,UAAC;AAAA;AAAA,YACC,WAAU;AAAA,YACV,SAAQ;AAAA,YAAW;AAAA;AAAA,UAFrB;AAAA;AAAA;AAAA;AAAA;AAAA;AAAA;AAAA;AAAA,QAKA;AAAA,QACA;AAAA,UAAC;AAAA;AAAA,YACC,MAAK;AAAA,YACL,MAAK;AAAA,YACL,OAAOf,SAASI;AAAAA,YAChB,IAAG;AAAA,YACH,UAAUM;AAAAA,YACV,WAAU;AAAA,YACV,UAAQ;AAAA;AAAA,UAPV;AAAA;AAAA;AAAA;AAAA;AAAA;AAAA;AAAA;AAAA,QAOU;AAAA,WAdZ;AAAA;AAAA;AAAA;AAAA,aAgBA;AAAA,MAEA,uBAAC,SAAI,WAAU,QACb;AAAA;AAAA,UAAC;AAAA;AAAA,YACC,WAAU;AAAA,YACV,SAAQ;AAAA,YAAU;AAAA;AAAA,UAFpB;AAAA;AAAA;AAAA;AAAA;AAAA;AAAA;AAAA;AAAA,QAKA;AAAA,QACA;AAAA,UAAC;AAAA;AAAA,YACC,MAAK;AAAA,YACL,MAAK;AAAA,YACL,IAAG;AAAA,YACH,OAAOV,SAASK;AAAAA,YAChB,UAAUK;AAAAA,YACV,WAAU;AAAA,YACV,UAAQ;AAAA;AAAA,UAPV;AAAA;AAAA;AAAA;AAAA;AAAA;AAAA;AAAA;AAAA,QAOU;AAAA,WAdZ;AAAA;AAAA;AAAA;AAAA,aAgBA;AAAA,MAEA,uBAAC,SAAI,WAAU,QACb;AAAA;AAAA,UAAC;AAAA;AAAA,YACC,WAAU;AAAA,YACV,SAAQ;AAAA,YAAO;AAAA;AAAA,UAFjB;AAAA;AAAA;AAAA;AAAA;AAAA;AAAA;AAAA;AAAA,QAKA;AAAA,QACA;AAAA,UAAC;AAAA;AAAA,YACC,MAAK;AAAA,YACL,MAAK;AAAA,YACL,IAAG;AAAA,YACH,OAAOV,SAASE;AAAAA,YAChB,UAAUQ;AAAAA,YACV,WAAU;AAAA,YACV,UAAQ;AAAA;AAAA,UAPV;AAAA;AAAA;AAAA;AAAA;AAAA;AAAA;AAAA;AAAA,QAOU;AAAA,WAdZ;AAAA;AAAA;AAAA;AAAA,aAgBA;AAAA,MAEA,uBAAC,SAAI,WAAU,QACb;AAAA;AAAA,UAAC;AAAA;AAAA,YACC,WAAU;AAAA,YACV,SAAQ;AAAA,YAAU;AAAA;AAAA,UAFpB;AAAA;AAAA;AAAA;AAAA;AAAA;AAAA;AAAA;AAAA,QAKA;AAAA,QACA;AAAA,UAAC;AAAA;AAAA,YACC,MAAK;AAAA,YACL,MAAK;AAAA,YACL,IAAG;AAAA,YACH,OAAOV,SAASG;AAAAA,YAChB,UAAUO;AAAAA,YACV,WAAU;AAAA,YACV;AAAA,YACA,WAAW;AAAA;AAAA,UARb;AAAA;AAAA;AAAA;AAAA;AAAA;AAAA;AAAA;AAAA,QAQe;AAAA,WAfjB;AAAA;AAAA;AAAA;AAAA,aAiBA;AAAA,MAEA;AAAA,QAAC;AAAA;AAAA,UACC,MAAK;AAAA,UACL,UAAUF;AAAAA,UACV,WAAU;AAAA,UAETA,oBAAU,mBAAmB;AAAA;AAAA,QALhC;AAAA;AAAA;AAAA;AAAA;AAAA;AAAA;AAAA;AAAA,MAMA;AAAA,SAhFF;AAAA;AAAA;AAAA;AAAA,WAiFA;AAAA,IAEA,uBAAC,OAAE,WAAU,kCAAgC;AAAA;AAAA,MAClB;AAAA,MACzB,uBAAC,QAAK,IAAG,UAAS,WAAU,yCAAuC,0BAAnE;AAAA;AAAA;AAAA;AAAA,aAEA;AAAA,SAJF;AAAA;AAAA;AAAA;AAAA,WAKA;AAAA,OAnGF;AAAA;AAAA;AAAA;AAAA,SAoGA,KArGF;AAAA;AAAA;AAAA;AAAA,SAsGA;AAEJ;AAACV,GAhJQD,UAAQ;AAAA,UACEH,WAAW;AAAA;AAAA,KADrBG;AAkJT,eAAeA;AAAS,IAAAyB;AAAA,aAAAA,IAAA",
      "names": [
        "useState",
        "useNavigate",
        "Link",
        "authService",
        "Register",
        "_s",
        "navigate",
        "formData",
        "setFormData",
        "email",
        "password",
        "firstName",
        "lastName",
        "error",
        "setError",
        "loading",
        "setLoading",
        "handleChange",
        "e",
        "target",
        "name",
        "value",
        "handleSubmit",
        "preventDefault",
        "register",
        "err",
        "errorMessage",
        "Error",
        "message",
        "_c"
      ],
      "ignoreList": [],
      "sources": [
        "/home/titi/projects/formation/projet4/DFSJS-Testez-et-am-liorez-une-application-full-stack-JavaScript/frontend/src/pages/Register.tsx"
      ],
      "file": "/home/titi/projects/formation/projet4/DFSJS-Testez-et-am-liorez-une-application-full-stack-JavaScript/frontend/src/pages/Register.tsx"
    },
    "_coverageSchema": "1a1c01bbd47fc00a2c39e90264f33305004495a9",
    "hash": "d1119244ef271bdd4b5611762a1cb0026eeacbc3"
  },
  "/home/titi/projects/formation/projet4/DFSJS-Testez-et-am-liorez-une-application-full-stack-JavaScript/frontend/src/hooks/useSession.ts": {
    "path": "/home/titi/projects/formation/projet4/DFSJS-Testez-et-am-liorez-une-application-full-stack-JavaScript/frontend/src/hooks/useSession.ts",
    "statementMap": {
      "0": {
        "start": {
          "line": 3,
          "column": 26
        },
        "end": {
          "line": 60,
          "column": 1
        }
      },
      "1": {
        "start": {
          "line": 4,
          "column": 34
        },
        "end": {
          "line": 4,
          "column": 46
        }
      },
      "2": {
        "start": {
          "line": 5,
          "column": 32
        },
        "end": {
          "line": 5,
          "column": 46
        }
      },
      "3": {
        "start": {
          "line": 6,
          "column": 28
        },
        "end": {
          "line": 6,
          "column": 40
        }
      },
      "4": {
        "start": {
          "line": 7,
          "column": 21
        },
        "end": {
          "line": 7,
          "column": 50
        }
      },
      "5": {
        "start": {
          "line": 8,
          "column": 2
        },
        "end": {
          "line": 14,
          "column": 11
        }
      },
      "6": {
        "start": {
          "line": 9,
          "column": 4
        },
        "end": {
          "line": 9,
          "column": 47
        }
      },
      "7": {
        "start": {
          "line": 10,
          "column": 4
        },
        "end": {
          "line": 10,
          "column": 45
        }
      },
      "8": {
        "start": {
          "line": 11,
          "column": 4
        },
        "end": {
          "line": 13,
          "column": 6
        }
      },
      "9": {
        "start": {
          "line": 12,
          "column": 6
        },
        "end": {
          "line": 12,
          "column": 33
        }
      },
      "10": {
        "start": {
          "line": 15,
          "column": 24
        },
        "end": {
          "line": 34,
          "column": 3
        }
      },
      "11": {
        "start": {
          "line": 16,
          "column": 14
        },
        "end": {
          "line": 16,
          "column": 24
        }
      },
      "12": {
        "start": {
          "line": 17,
          "column": 4
        },
        "end": {
          "line": 17,
          "column": 28
        }
      },
      "13": {
        "start": {
          "line": 17,
          "column": 12
        },
        "end": {
          "line": 17,
          "column": 28
        }
      },
      "14": {
        "start": {
          "line": 18,
          "column": 4
        },
        "end": {
          "line": 33,
          "column": 5
        }
      },
      "15": {
        "start": {
[...]
IACNC,OAAO;AAAA,IACPC,KAAK;AAAA,EACP,CAAC,IACD;AAEJ,QAAMC,WAAWR,UACf,uBAAC,UAAK,WAAU,8EAA4E,6BAA5F;AAAA;AAAA;AAAA;AAAA,SAEA,IAEA,uBAAC,UAAK,WAAU,0EAAwE,oBAAxF;AAAA;AAAA;AAAA;AAAA,SAEA;AAGF,SACE,uBAAC,SAAI,WAAU,iCACb,iCAAC,SAAI,WAAU,oCACb,iCAAC,SAAI,WAAU,qCACb;AAAA,2BAAC,QAAG,WAAU,yCAAwC,0BAAtD;AAAA;AAAA;AAAA;AAAA,WAAgE;AAAA,IAEhE,uBAAC,SAAI,WAAU,kBACb;AAAA,6BAAC,SAAI,WAAU,iBACb;AAAA,+BAAC,WAAM,WAAU,kDAAgD,0BAAjE;AAAA;AAAA;AAAA;AAAA,eAEA;AAAA,QACA,uBAAC,OAAE,WAAU,yBAAyBjC,mBAAS0C,aAA/C;AAAA;AAAA;AAAA;AAAA,eAAyD;AAAA,WAJ3D;AAAA;AAAA;AAAA;AAAA,aAKA;AAAA,MAEA,uBAAC,SAAI,WAAU,iBACb;AAAA,+BAAC,WAAM,WAAU,kDAAgD,yBAAjE;AAAA;AAAA;AAAA;AAAA,eAEA;AAAA,QACA,uBAAC,OAAE,WAAU,yBAAyB1C,mBAAS2C,YAA/C;AAAA;AAAA;AAAA;AAAA,eAAwD;AAAA,WAJ1D;AAAA;AAAA;AAAA;AAAA,aAKA;AAAA,MAEA,uBAAC,SAAI,WAAU,iBACb;AAAA,+BAAC,WAAM,WAAU,kDAAgD,qBAAjE;AAAA;AAAA;AAAA;AAAA,eAEA;AAAA,QACA,uBAAC,OAAE,WAAU,yBAAyB3C,mBAAS4C,SAA/C;AAAA;AAAA;AAAA;AAAA,eAAqD;AAAA,WAJvD;AAAA;AAAA;AAAA;AAAA,aAKA;AAAA,MAEA,uBAAC,SAAI,WAAU,iBACb;AAAA,+BAAC,WAAM,WAAU,kDAAgD,4BAAjE;AAAA;AAAA;AAAA;AAAA,eAEA;AAAA,QACA,uBAAC,OAAE,WAAU,yBAAyBH,sBAAtC;AAAA;AAAA;AAAA;AAAA,eAA+C;AAAA,QAC9C7B,SAAS,CAACqB,WACT,uBAAC,SAAI,WAAU,QACb;AAAA;AAAA,YAAC;AAAA;AAAA,cACC,SAASJ;AAAAA,cACT,UAAUvB;AAAAA,cACV,WAAU;AAAA,cAETA,2BAAiB,iBAAiB;AAAA;AAAA,YALrC;AAAA;AAAA;AAAA;AAAA;AAAA;AAAA;AAAA;AAAA,UAMA;AAAA,UACCE,gBACC,uBAAC,SAAI,WAAU,6BACZA,0BADH;AAAA;AAAA;AAAA;AAAA,iBAEA;AAAA,aAXJ;AAAA;AAAA;AAAA;AAAA,eAaA;AAAA,WAnBJ;AAAA;AAAA;AAAA;AAAA,aAqBA;AAAA,MAEA,uBAAC,SAAI,WAAU,iBACb;AAAA,+BAAC,WAAM,WAAU,kDAAgD,4BAAjE;AAAA;AAAA;AAAA;AAAA,eAEA;AAAA,QACA,uBAAC,OAAE,WAAU,yBAAyB0B,8BAAtC;AAAA;AAAA;AAAA;AAAA,eAAuD;AAAA,WAJzD;AAAA;AAAA;AAAA;AAAA,aAKA;AAAA,SAlDF;AAAA;AAAA;AAAA;AAAA,WAmDA;AAAA,IAEA,uBAAC,SAAI,WAAU,kBACb;AAAA;AAAA,QAAC;AAAA;AAAA,UACC,SAAS,MAAMnC,SAAS,WAAW;AAAA,UACnC,WAAU;AAAA,UAA0E;AAAA;AAAA,QAFtF;AAAA;AAAA;AAAA;AAAA;AAAA;AAAA;AAAA;AAAA,MAKA;AAAA,MACA;AAAA,QAAC;AAAA;AAAA,UACC,SAASwB;AAAAA,UACT,WAAU;AAAA,UAA6D;AAAA;AAAA,QAFzE;AAAA;AAAA;AAAA;AAAA;AAAA;AAAA;AAAA;AAAA,MAKA;AAAA,SAZF;AAAA;AAAA;AAAA;AAAA,WAaA;AAAA,OArEF;AAAA;AAAA;AAAA;AAAA,SAsEA,KAvEF;AAAA;AAAA;AAAA;AAAA,SAwEA,KAzEF;AAAA;AAAA;AAAA;AAAA,SA0EA;AAEJ;AAACzB,GAtLQD,SAAO;AAAA,UACGH,WAAW;AAAA;AAAA,KADrBG;AAwLT,eAAeA;AAAQ,IAAAgD;AAAA,aAAAA,IAAA",
      "names": [
        "useState",
        "useEffect",
        "useNavigate",
        "api",
        "authService",
        "Profile",
        "_s",
        "navigate",
        "userInfo",
        "setUserInfo",
        "loading",
        "setLoading",
        "error",
        "setError",
        "promoteLoading",
        "setPromoteLoading",
        "promoteError",
        "setPromoteError",
        "user",
        "getCurrentUser",
        "isDev",
        "import",
        "env",
        "DEV",
        "fetchUserInfo",
        "response",
        "get",
        "id",
        "data",
        "err",
        "console",
        "handleDeleteAccount",
        "window",
        "confirm",
        "delete",
        "logout",
        "alert",
        "handlePromoteAdmin",
        "post",
        "updateCurrentUser",
        "admin",
        "isAdmin",
        "userCreationDate",
        "createdAt",
        "Date",
        "toLocaleDateString",
        "year",
        "month",
        "day",
        "userRole",
        "firstName",
        "lastName",
        "email",
        "_c"
      ],
      "ignoreList": [],
      "sources": [
        "/home/titi/projects/formation/projet4/DFSJS-Testez-et-am-liorez-une-application-full-stack-JavaScript/frontend/src/pages/Profile.tsx"
      ],
      "file": "/home/titi/projects/formation/projet4/DFSJS-Testez-et-am-liorez-une-application-full-stack-JavaScript/frontend/src/pages/Profile.tsx"
    },
    "_coverageSchema": "1a1c01bbd47fc00a2c39e90264f33305004495a9",
    "hash": "ef197f622404793218fb4096a27a89df08e592ad"
  },
  "/home/titi/projects/formation/projet4/DFSJS-Testez-et-am-liorez-une-application-full-stack-JavaScript/frontend/src/App.tsx": {
    "path": "/home/titi/projects/formation/projet4/DFSJS-Testez-et-am-liorez-une-application-full-stack-JavaScript/frontend/src/App.tsx",
    "statementMap": {
      "0": {
        "start": {
          "line": 17,
          "column": 26
        },
        "end": {
          "line": 17,
          "column": 55
        }
      },
      "1": {
        "start": {
          "line": 18,
          "column": 2
        },
        "end": {
          "line": 22,
          "column": 11
        }
      },
      "2": {
        "start": {
          "line": 24,
          "column": 0
        },
        "end": {
          "line": 24,
          "column": 18
        }
      },
      "3": {
        "start": {
          "line": 26,
          "column": 2
        },
        "end": {
          "line": 188,
          "column": 11
        }
      },
      "4": {
        "start": {
          "line": 190,
          "column": 0
        },
        "end": {
          "line": 190,
          "column": 10
        }
      },
      "5": {
        "start": {
          "line": 193,
          "column": 0
        },
        "end": {
          "line": 193,
          "column": 33
        }
      },
      "6": {
        "start": {
          "line": 194,
          "column": 0
        },
        "end": {
          "line": 194,
          "column": 25
        }
      },
      "7": {
        "start": {
          "line": 196,
          "column": 20
        },
        "end": {
          "line": 196,
          "column": 97
        }
      },
      "8": {
        "start": {
          "line": 197,
          "column": 0
        },
        "end": {
          "line": 211,
          "column": 1
        }
      },
      "9": {
        "start": {
          "line": 198,
          "column": 2
        },
        "end": {
          "line": 202,
          "column": 3
        }
      },
      "10": {
        "start": {
          "line": 199,
          "column": 4
        },
        "end": {
          "line": 201,
          "column": 6
        }
      },
      "11": {
        "start": {
          "line": 203,
          "column": 2
        },
        "end": {
          "line": 210,
          "column": 5
        }
      },
      "12": {
        "start": {
          "line": 204,
          "column": 4
        },
        "end": {
          "line": 204,
          "column": 192
        }
      },
      "13": {
        "start": {
          "line": 205,
          "column": 4
        },
        "end": {
          "line": 209,
          "column": 7
        }
      },
      "14": {
        "start": {
          "line": 206,
          "column": 6
        },
        "end": {
          "line": 206,
          "column": 31
        }
      },
      "15": {
        "start": {
          "line": 206,
          "column": 24
        },
        "end": {
          "line": 206,
          "column": 31
        }
      },
      "16": {
        "start": {
          "line": 207,
          "column": 32
        },
        "end": {
          "line": 207,
          "column": 241
        }
      },
      "17": {
        "start": {
          "line": 208,
          "column": 6
        },
        "end": {
          "line": 208,
          "column": 75
        }
      },
      "18": {
        "start": {
          "line": 208,
          "column": 29
        },
        "end": {
          "line": 208,
          "column": 75
        }
      },
      "19": {
        "start": {
          "line": 213,
          "column": 2
        },
        "end": {
          "line": 213,
          "column": 171
        }
      },
      "20": {
        "start": {
          "line": 216,
          "column": 2
        },
        "end": {
          "line": 216,
          "column": 62
        }
      }
    },
    "fnMap": {
      "0": {
        "name": "PrivateRoute",
        "decl": {
          "start": {
            "line": 16,
            "column": 9
          },
          "end": {
            "line": 16,
            "column": 21
          }
        },
        "loc": {
          "start": {
            "line": 16,
            "column": 36
          },
          "end": {
            "line": 23,
            "column": 1
          }
        },
        "line": 16
      },
      "1": {
        "name": "App",
        "decl": {
          "start": {
            "line": 25,
            "column": 9
          },
          "end": {
            "line": 25,
            "column": 12
          }
        },
        "loc": {
          "start": {
            "line": 25,
            "column": 15
          },
          "end": {
            "line": 189,
            "column": 1
          }
        },
        "line": 25
      },
      "2": {
        "name": "(anonymous_2)",
        "decl": {
          "start": {
            "line": 203,
            "column": 52
          },
          "end": {
            "line": 203,
            "column": 53
          }
        },
        "loc": {
          "start": {
            "line": 203,
            "column": 72
          },
          "end": {
            "line": 210,
            "column": 3
          }
        },
        "line": 203
      },
      "3": {
        "name": "(anonymous_3)",
        "decl": {
          "start": {
            "line": 205,
            "column": 27
          },
          "end": {
            "line": 205,
            "column": 28
          }
        },
        "loc": {
          "start": {
            "line": 205,
            "column": 44
          },
          "end": {
            "line": 209,
            "column": 5
          }
        },
        "line": 205
      },
      "4": {
        "name": "$RefreshReg$",
        "decl": {
          "start": {
            "line": 212,
            "column": 9
          },
          "end": {
            "line": 212,
            "column": 21
          }
        },
        "loc": {
          "start": {
            "line": 212,
            "column": 32
          },
          "end": {
            "line": 214,
            "column": 1
          }
        },
        "line": 212
      },
      "5": {
        "name": "$RefreshSig$",
        "decl": {
          "start": {
            "line": 215,
            "column": 9
          },
          "end": {
            "line": 215,
            "column": 21
          }
        },
        "loc": {
          "start": {
            "line": 215,
            "column": 24
          },
          "end": {
            "line": 217,
            "column": 1
          }
        },
        "line": 215
      }
    },
    "branchMap": {
      "0": {
        "loc": {
          "start": {
            "line": 18,
            "column": 9
          },
          "end": {
            "line": 22,
            "column": 10
          }
        },
        "type": "cond-expr",
        "locations": [
          {
            "start": {
              "line": 18,
              "column": 27
            },
            "end": {
              "line": 18,
              "column": 35
            }
          },
          {
            "start": {
              "line": 18,
              "column": 54
            },
            "end": {
              "line": 22,
              "column": 10
            }
          }
        ],
        "line": 18
      },
      "1": {
        "loc": {
          "start": {
            "line": 196,
            "column": 20
          },
          "end": {
            "line": 196,
            "column": 97
          }
        },
        "type": "binary-expr",
        "locations": [
          {
            "start": {
              "line": 196,
              "column": 20
            },
            "end": {
              "line": 196,
              "column": 60
            }
          },
          {
            "start": {
              "line": 196,
              "column": 64
            },
            "end": {
              "line": 196,
              "column": 97
            }
          }
        ],
        "line": 196
      },
      "2": {
        "loc": {
          "start": {
            "line": 197,
            "column": 0
          },
          "end": {
            "line": 211,
            "column": 1
          }
        },
        "type": "if",
        "locations": [
          {
            "start": {
              "line": 197,
              "column": 0
            },
            "end": {
              "line": 211,
              "column": 1
            }
          },
          {
            "start": {},
            "end": {}
          }
        ],
        "line": 197
      },
      "3": {
        "loc": {
          "start": {
            "line": 197,
            "column": 4
          },
          "end": {
            "line": 197,
            "column": 35
          }
        },
        "type": "binary-expr",
        "locations": [
          {
            "start": {
              "line": 197,
              "column": 4
            },
            "end": {
              "line": 197,
              "column": 19
            }
          },
          {
            "start": {
              "line": 197,
              "column": 23
            },
            "end": {
              "line": 197,
              "column": 35
            }
          }
        ],
        "line": 197
      },
      "4": {
        "loc": {
          "start": {
            "line": 198,
            "column": 2
          },
          "end": {
            "line": 202,
            "column": 3
          }
        },
        "type": "if",
        "locations": [
          {
            "start": {
              "line": 198,
              "column": 2
            },
            "end": {
              "line": 202,
              "column": 3
            }
          },
          {
            "start": {},
            "end": {}
          }
        ],
        "line": 198
      },
      "5": {
        "loc": {
          "start": {
            "line": 206,
            "column": 6
          },
          "end": {
            "line": 206,
            "column": 31
          }
        },
        "type": "if",
        "locations": [
          {
            "start": {
              "line": 206,
              "column": 6
            },
            "end": {
              "line": 206,
              "column": 31
            }
          },
          {
            "start": {},
            "end": {}
          }
        ],
        "line": 206
      },
      "6": {
        "loc": {
          "start": {
            "line": 208,
            "column": 6
          },
          "end": {
            "line": 208,
            "column": 75
          }
        },
        "type": "if",
        "locations": [
          {
            "start": {
              "line": 208,
              "column": 6
            },
            "end": {
              "line": 208,
              "column": 75
            }
          },
          {
            "start": {},
            "end": {}
          }
        ],
        "line": 208
      }
    },
    "s": {
      "0": 90,
      "1": 90,
      "2": 33,
      "3": 66,
      "4": 33,
      "5": 33,
      "6": 33,
      "7": 33,
      "8": 33,
      "9": 33,
      "10": 0,
      "11": 33,
      "12": 33,
      "13": 33,
      "14": 0,
      "15": 0,
      "16": 0,
      "17": 0,
      "18": 0,
      "19": 66,
      "20": 0
    },
    "f": {
      "0": 90,
      "1": 66,
      "2": 33,
      "3": 0,
      "4": 66,
      "5": 0
    },
    "b": {
      "0": [
        90,
        0
      ],
      "1": [
        33,
        0
      ],
      "2": [
        33,
        0
      ],
      "3": [
        33,
        33
      ],
      "4": [
        0,
        33
      ],
      "5": [
        0,
        0
      ],
      "6": [
        0,
        0
      ]
    },
    "inputSourceMap": {
      "version": 3,
      "mappings": "AAkBsC;AAlBtC;AAAA,EACEA,iBAAiBC;AAAAA,EACjBC;AAAAA,EACAC;AAAAA,EACAC;AAAAA,OACK;AACP,OAAOC,YAAY;AACnB,OAAOC,WAAW;AAClB,OAAOC,cAAc;AACrB,OAAOC,cAAc;AACrB,OAAOC,mBAAmB;AAC1B,OAAOC,iBAAiB;AACxB,OAAOC,aAAa;AACpB,SAASC,mBAAmB;AAG5B,SAASC,aAAa,EAAEC,SAAkC,GAAG;AAC3D,QAAMC,kBAAkBH,YAAYG,gBAAgB;AACpD,SAAOA,kBAAkBD,WAAW,uBAAC,YAAS,IAAG,YAAb;AAAA;AAAA;AAAA;AAAA,SAAqB;AAC3D;AAACE,KAHQH;AAKT,SAASI,MAAM;AACb,SACE,uBAAC,UACC,iCAAC,SAAI,WAAU,4BACb;AAAA,2BAAC,YAAD;AAAA;AAAA;AAAA;AAAA,WAAO;AAAA,IACP,uBAAC,UACC;AAAA,6BAAC,SAAM,MAAK,KAAI,SAAS,uBAAC,YAAS,IAAG,eAAb;AAAA;AAAA;AAAA;AAAA,aAAwB,KAAjD;AAAA;AAAA;AAAA;AAAA,aAAqD;AAAA,MACrD,uBAAC,SAAM,MAAK,UAAS,SAAS,uBAAC,WAAD;AAAA;AAAA;AAAA;AAAA,aAAM,KAApC;AAAA;AAAA;AAAA;AAAA,aAAwC;AAAA,MACxC,uBAAC,SAAM,MAAK,aAAY,SAAS,uBAAC,cAAD;AAAA;AAAA;AAAA;AAAA,aAAS,KAA1C;AAAA;AAAA;AAAA;AAAA,aAA8C;AAAA,MAC9C;AAAA,QAAC;AAAA;AAAA,UACC,MAAK;AAAA,UACL,SACE,uBAAC,gBACC,iCAAC,cAAD;AAAA;AAAA;AAAA;AAAA,iBAAS,KADX;AAAA;AAAA;AAAA;AAAA,iBAEA;AAAA;AAAA,QALJ;AAAA;AAAA;AAAA;AAAA;AAAA;AAAA;AAAA;AAAA,MAMG;AAAA,MAEH;AAAA,QAAC;AAAA;AAAA,UACC,MAAK;AAAA,UACL,SACE,uBAAC,gBACC,iCAAC,mBAAD;AAAA;AAAA;AAAA;AAAA,iBAAc,KADhB;AAAA;AAAA;AAAA;AAAA,iBAEA;AAAA;AAAA,QALJ;AAAA;AAAA;AAAA;AAAA;AAAA;AAAA;AAAA;AAAA,MAMG;AAAA,MAEH;AAAA,QAAC;AAAA;AAAA,UACC,MAAK;AAAA,UACL,SACE,uBAAC,gBACC,iCAAC,iBAAD;AAAA;AAAA;AAAA;AAAA,iBAAY,KADd;AAAA;AAAA;AAAA;AAAA,iBAEA;AAAA;AAAA,QALJ;AAAA;AAAA;AAAA;AAAA;AAAA;AAAA;AAAA;AAAA,MAMG;AAAA,MAEH;AAAA,QAAC;AAAA;AAAA,UACC,MAAK;AAAA,UACL,SACE,uBAAC,gBACC,iCAAC,iBAAD;AAAA;AAAA;AAAA;AAAA,iBAAY,KADd;AAAA;AAAA;AAAA;AAAA,iBAEA;AAAA;AAAA,QALJ;AAAA;AAAA;AAAA;AAAA;AAAA;AAAA;AAAA;AAAA,MAMG;AAAA,MAEH;AAAA,QAAC;AAAA;AAAA,UACC,MAAK;AAAA,UACL,SACE,uBAAC,gBACC,iCAAC,aAAD;AAAA;AAAA;AAAA;AAAA,iBAAQ,KADV;AAAA;AAAA;AAAA;AAAA,iBAEA;AAAA;AAAA,QALJ;AAAA;AAAA;AAAA;AAAA;AAAA;AAAA;AAAA;AAAA,MAMG;AAAA,SA1CL;AAAA;AAAA;AAAA;AAAA,WA4CA;AAAA,OA9CF;AAAA;AAAA;AAAA;AAAA,SA+CA,KAhDF;AAAA;AAAA;AAAA;AAAA,SAiDA;AAEJ;AAACC,MArDQD;AAuDT,eAAeA;AAAI,IAAAD,IAAAE;AAAA,aAAAF,IAAA;AAAA,aAAAE,KAAA",
      "names": [
        "BrowserRouter",
        "Router",
        "Routes",
        "Route",
        "Navigate",
        "Navbar",
        "Login",
        "Register",
        "Sessions",
        "SessionDetail",
        "SessionForm",
        "Profile",
        "authService",
        "PrivateRoute",
        "children",
        "isAuthenticated",
        "_c",
        "App",
        "_c2"
      ],
      "ignoreList": [],
      "sources": [
        "/home/titi/projects/formation/projet4/DFSJS-Testez-et-am-liorez-une-application-full-stack-JavaScript/frontend/src/App.tsx"
      ],
      "file": "/home/titi/projects/formation/projet4/DFSJS-Testez-et-am-liorez-une-application-full-stack-JavaScript/frontend/src/App.tsx"
    },
    "_coverageSchema": "1a1c01bbd47fc00a2c39e90264f33305004495a9",
    "hash": "cb6f9b6ead829f8b1420c411425a62dd3bbf940c"
  },
  "/home/titi/projects/formation/projet4/DFSJS-Testez-et-am-liorez-une-application-full-stack-JavaScript/frontend/src/main.tsx": {
    "path": "/home/titi/projects/formation/projet4/DFSJS-Testez-et-am-liorez-une-application-full-stack-JavaScript/frontend/src/main.tsx",
    "statementMap": {
      "0": {
        "start": {
          "line": 6,
          "column": 0
        },
        "end": {
          "line": 16,
          "column": 2
        }
      }
    },
    "fnMap": {},
    "branchMap": {},
    "s": {
      "0": 33
    },
    "f": {},
    "b": {},
    "inputSourceMap": {
      "version": 3,
      "mappings": "AAOI;AAPJ,OAAOA,WAAW;AAClB,OAAOC,cAAc;AACrB,OAAOC,SAAS;AAChB,OAAO;AAEPD,SAASE,WAAWC,SAASC,eAAe,MAAM,CAAE,EAAEC;AAAAA,EACpD,uBAAC,MAAM,YAAN,EACC,iCAAC,SAAD;AAAA;AAAA;AAAA;AAAA,SAAI,KADN;AAAA;AAAA;AAAA;AAAA,SAEA;AACF",
      "names": [
        "React",
        "ReactDOM",
        "App",
        "createRoot",
        "document",
        "getElementById",
        "render"
      ],
      "ignoreList": [],
      "sources": [
        "/home/titi/projects/formation/projet4/DFSJS-Testez-et-am-liorez-une-application-full-stack-JavaScript/frontend/src/main.tsx"
      ],
      "file": "/home/titi/projects/formation/projet4/DFSJS-Testez-et-am-liorez-une-application-full-stack-JavaScript/frontend/src/main.tsx"
    },
    "_coverageSchema": "1a1c01bbd47fc00a2c39e90264f33305004495a9",
    "hash": "cebd4a08dcacfb24669164549e09ff2dd1243a9f"
  }
}